2022-09-06 13:38:31,627 INFO  Logger.cs: 70 - 
--------------------------------------------------------------------------------
2022-09-06 13:38:31,642 INFO  Logger.cs: 71 - Logging commencing for SW2URDF exporter
2022-09-06 13:38:31,643 INFO  Logger.cs: 73 - Commit version 1.6.0-4-g7f85cfe
2022-09-06 13:38:31,644 INFO  Logger.cs: 74 - Build version 1.6.7995.38578
2022-09-06 13:38:31,666 INFO  SwAddin.cs: 192 - Attempting to connect to SW
2022-09-06 13:38:31,667 INFO  SwAddin.cs: 197 - Setting up callbacks
2022-09-06 13:38:31,667 INFO  SwAddin.cs: 201 - Setting up command manager
2022-09-06 13:38:31,668 INFO  SwAddin.cs: 204 - Adding command manager
2022-09-06 13:38:31,669 INFO  SwAddin.cs: 263 - Adding Assembly export to file menu
2022-09-06 13:38:31,670 INFO  SwAddin.cs: 272 - Adding Part export to file menu
2022-09-06 13:38:31,670 INFO  SwAddin.cs: 210 - Adding event handlers
2022-09-06 13:38:31,678 INFO  SwAddin.cs: 217 - Connecting plugin to SolidWorks
2022-09-06 13:50:06,239 INFO  SwAddin.cs: 294 - Assembly export called for file 2.SLDASM
2022-09-06 13:50:06,241 INFO  SwAddin.cs: 299 - Save is required
2022-09-06 13:50:06,241 INFO  SwAddin.cs: 313 - Saving assembly
2022-09-06 13:50:36,190 INFO  SwAddin.cs: 316 - Opening property manager
2022-09-06 13:50:36,222 INFO  ExportHelperExtension.cs: 1125 - Retrieving features of type [CoordSys] from 2.SLDASM
2022-09-06 13:50:36,273 INFO  ExportHelperExtension.cs: 1136 - Found 170 in 2.SLDASM
2022-09-06 13:50:36,274 INFO  ExportHelperExtension.cs: 1145 - Found 1 features of type [CoordSys] in 2.SLDASM
2022-09-06 13:50:36,274 INFO  ExportHelperExtension.cs: 1148 - Proceeding through assembly components
2022-09-06 13:50:36,275 INFO  ExportHelperExtension.cs: 1160 - 41 components to check
2022-09-06 13:50:36,276 INFO  ExportHelperExtension.cs: 1125 - Retrieving features of type [CoordSys] from M-D053-250100-A-1
2022-09-06 13:50:36,276 INFO  ExportHelperExtension.cs: 1136 - Found 65 in M-D053-250100-A-1
2022-09-06 13:50:36,277 INFO  ExportHelperExtension.cs: 1145 - Found 0 features of type [CoordSys] in M-D053-250100-A-1
2022-09-06 13:50:36,277 INFO  ExportHelperExtension.cs: 1125 - Retrieving features of type [CoordSys] from 零件3^2-1
2022-09-06 13:50:36,277 INFO  ExportHelperExtension.cs: 1136 - Found 23 in 零件3^2-1
2022-09-06 13:50:36,278 INFO  ExportHelperExtension.cs: 1145 - Found 0 features of type [CoordSys] in 零件3^2-1
2022-09-06 13:50:36,278 INFO  ExportHelperExtension.cs: 1125 - Retrieving features of type [CoordSys] from EAI-G4单线雷达-1
2022-09-06 13:50:36,532 INFO  ExportHelperExtension.cs: 1136 - Found 42 in EAI-G4单线雷达-1
2022-09-06 13:50:36,532 INFO  ExportHelperExtension.cs: 1145 - Found 0 features of type [CoordSys] in EAI-G4单线雷达-1
2022-09-06 13:50:36,533 INFO  ExportHelperExtension.cs: 1125 - Retrieving features of type [CoordSys] from IntelRealsense_D435(i)_Multibody-1
2022-09-06 13:50:36,533 INFO  ExportHelperExtension.cs: 1136 - Found 93 in IntelRealsense_D435(i)_Multibody-1
2022-09-06 13:50:36,533 INFO  ExportHelperExtension.cs: 1145 - Found 0 features of type [CoordSys] in IntelRealsense_D435(i)_Multibody-1
2022-09-06 13:50:36,534 INFO  ExportHelperExtension.cs: 1125 - Retrieving features of type [CoordSys] from nano亚克力盖(1)-1
2022-09-06 13:50:36,534 INFO  ExportHelperExtension.cs: 1136 - Found 29 in nano亚克力盖(1)-1
2022-09-06 13:50:36,534 INFO  ExportHelperExtension.cs: 1145 - Found 0 features of type [CoordSys] in nano亚克力盖(1)-1
2022-09-06 13:50:36,534 INFO  ExportHelperExtension.cs: 1125 - Retrieving features of type [CoordSys] from M-D024-250012-A-1
2022-09-06 13:50:36,535 INFO  ExportHelperExtension.cs: 1136 - Found 50 in M-D024-250012-A-1
2022-09-06 13:50:36,535 INFO  ExportHelperExtension.cs: 1145 - Found 0 features of type [CoordSys] in M-D024-250012-A-1
2022-09-06 13:50:36,535 INFO  ExportHelperExtension.cs: 1125 - Retrieving features of type [CoordSys] from RS-LIDAR-16-2
2022-09-06 13:50:36,535 INFO  ExportHelperExtension.cs: 1136 - Found 32 in RS-LIDAR-16-2
2022-09-06 13:50:36,536 INFO  ExportHelperExtension.cs: 1145 - Found 0 features of type [CoordSys] in RS-LIDAR-16-2
2022-09-06 13:50:36,536 INFO  ExportHelperExtension.cs: 1125 - Retrieving features of type [CoordSys] from 零件1^2-1
2022-09-06 13:50:36,536 INFO  ExportHelperExtension.cs: 1136 - Found 23 in 零件1^2-1
2022-09-06 13:50:36,536 INFO  ExportHelperExtension.cs: 1145 - Found 0 features of type [CoordSys] in 零件1^2-1
2022-09-06 13:50:36,537 INFO  ExportHelperExtension.cs: 1125 - Retrieving features of type [CoordSys] from 大铝-5
2022-09-06 13:50:36,537 INFO  ExportHelperExtension.cs: 1136 - Found 42 in 大铝-5
2022-09-06 13:50:36,537 INFO  ExportHelperExtension.cs: 1145 - Found 0 features of type [CoordSys] in 大铝-5
2022-09-06 13:50:36,537 INFO  ExportHelperExtension.cs: 1125 - Retrieving features of type [CoordSys] from RS-LIDAR-16-1
2022-09-06 13:50:36,538 INFO  ExportHelperExtension.cs: 1136 - Found 32 in RS-LIDAR-16-1
2022-09-06 13:50:36,538 INFO  ExportHelperExtension.cs: 1145 - Found 0 features of type [CoordSys] in RS-LIDAR-16-1
2022-09-06 13:50:36,538 INFO  ExportHelperExtension.cs: 1125 - Retrieving features of type [CoordSys] from Helios_电源盒_直头线（标准版）_asm-2
2022-09-06 13:50:36,538 INFO  ExportHelperExtension.cs: 1136 - Found 32 in Helios_电源盒_直头线（标准版）_asm-2
2022-09-06 13:50:36,538 INFO  ExportHelperExtension.cs: 1145 - Found 0 features of type [CoordSys] in Helios_电源盒_直头线（标准版）_asm-2
2022-09-06 13:50:36,539 INFO  ExportHelperExtension.cs: 1125 - Retrieving features of type [CoordSys] from GL-AR750-2
2022-09-06 13:50:36,539 INFO  ExportHelperExtension.cs: 1136 - Found 43 in GL-AR750-2
2022-09-06 13:50:36,539 INFO  ExportHelperExtension.cs: 1145 - Found 0 features of type [CoordSys] in GL-AR750-2
2022-09-06 13:50:36,539 INFO  ExportHelperExtension.cs: 1125 - Retrieving features of type [CoordSys] from Helios_电源盒_直头线（标准版）_asm-1
2022-09-06 13:50:36,539 INFO  ExportHelperExtension.cs: 1136 - Found 32 in Helios_电源盒_直头线（标准版）_asm-1
2022-09-06 13:50:36,540 INFO  ExportHelperExtension.cs: 1145 - Found 0 features of type [CoordSys] in Helios_电源盒_直头线（标准版）_asm-1
2022-09-06 13:50:36,540 INFO  ExportHelperExtension.cs: 1125 - Retrieving features of type [CoordSys] from M-LIMO-070023-E，nano外壳改 2022-05-07-1
2022-09-06 13:50:36,540 INFO  ExportHelperExtension.cs: 1136 - Found 51 in M-LIMO-070023-E，nano外壳改 2022-05-07-1
2022-09-06 13:50:36,540 INFO  ExportHelperExtension.cs: 1145 - Found 0 features of type [CoordSys] in M-LIMO-070023-E，nano外壳改 2022-05-07-1
2022-09-06 13:50:36,541 INFO  ExportHelperExtension.cs: 1125 - Retrieving features of type [CoordSys] from GL-AR750-1
2022-09-06 13:50:36,541 INFO  ExportHelperExtension.cs: 1136 - Found 43 in GL-AR750-1
2022-09-06 13:50:36,541 INFO  ExportHelperExtension.cs: 1145 - Found 0 features of type [CoordSys] in GL-AR750-1
2022-09-06 13:50:36,541 INFO  ExportHelperExtension.cs: 1125 - Retrieving features of type [CoordSys] from M-D024-250007-A-1
2022-09-06 13:50:36,541 INFO  ExportHelperExtension.cs: 1136 - Found 63 in M-D024-250007-A-1
2022-09-06 13:50:36,542 INFO  ExportHelperExtension.cs: 1145 - Found 0 features of type [CoordSys] in M-D024-250007-A-1
2022-09-06 13:50:36,542 INFO  ExportHelperExtension.cs: 1125 - Retrieving features of type [CoordSys] from M-D053-251003-A-1
2022-09-06 13:50:36,542 INFO  ExportHelperExtension.cs: 1136 - Found 47 in M-D053-251003-A-1
2022-09-06 13:50:36,542 INFO  ExportHelperExtension.cs: 1145 - Found 0 features of type [CoordSys] in M-D053-251003-A-1
2022-09-06 13:50:36,543 INFO  ExportHelperExtension.cs: 1125 - Retrieving features of type [CoordSys] from Leetop-AGX Xavier-1
2022-09-06 13:50:36,543 INFO  ExportHelperExtension.cs: 1136 - Found 38 in Leetop-AGX Xavier-1
2022-09-06 13:50:36,543 INFO  ExportHelperExtension.cs: 1145 - Found 0 features of type [CoordSys] in Leetop-AGX Xavier-1
2022-09-06 13:50:36,543 INFO  ExportHelperExtension.cs: 1125 - Retrieving features of type [CoordSys] from 大铝-6
2022-09-06 13:50:36,544 INFO  ExportHelperExtension.cs: 1136 - Found 42 in 大铝-6
2022-09-06 13:50:36,544 INFO  ExportHelperExtension.cs: 1145 - Found 0 features of type [CoordSys] in 大铝-6
2022-09-06 13:50:36,544 INFO  ExportHelperExtension.cs: 1125 - Retrieving features of type [CoordSys] from CH110_SHELL-1
2022-09-06 13:50:36,544 INFO  ExportHelperExtension.cs: 1136 - Found 36 in CH110_SHELL-1
2022-09-06 13:50:36,544 INFO  ExportHelperExtension.cs: 1145 - Found 0 features of type [CoordSys] in CH110_SHELL-1
2022-09-06 13:50:36,545 INFO  ExportHelperExtension.cs: 1125 - Retrieving features of type [CoordSys] from EAI-G4单线雷达USb转接板-1
2022-09-06 13:50:36,545 INFO  ExportHelperExtension.cs: 1136 - Found 38 in EAI-G4单线雷达USb转接板-1
2022-09-06 13:50:36,545 INFO  ExportHelperExtension.cs: 1145 - Found 0 features of type [CoordSys] in EAI-G4单线雷达USb转接板-1
2022-09-06 13:50:36,545 INFO  ExportHelperExtension.cs: 1125 - Retrieving features of type [CoordSys] from Helios_Lede_20220314(1)-1
2022-09-06 13:50:36,546 INFO  ExportHelperExtension.cs: 1136 - Found 39 in Helios_Lede_20220314(1)-1
2022-09-06 13:50:36,546 INFO  ExportHelperExtension.cs: 1145 - Found 0 features of type [CoordSys] in Helios_Lede_20220314(1)-1
2022-09-06 13:50:36,546 INFO  ExportHelperExtension.cs: 1125 - Retrieving features of type [CoordSys] from LEEP-2
2022-09-06 13:50:36,548 INFO  ExportHelperExtension.cs: 1136 - Found 1376 in LEEP-2
2022-09-06 13:50:36,550 INFO  ExportHelperExtension.cs: 1145 - Found 0 features of type [CoordSys] in LEEP-2
2022-09-06 13:50:36,550 INFO  ExportHelperExtension.cs: 1125 - Retrieving features of type [CoordSys] from M-D024-250006-B-1
2022-09-06 13:50:36,551 INFO  ExportHelperExtension.cs: 1136 - Found 92 in M-D024-250006-B-1
2022-09-06 13:50:36,551 INFO  ExportHelperExtension.cs: 1145 - Found 0 features of type [CoordSys] in M-D024-250006-B-1
2022-09-06 13:50:36,551 INFO  ExportHelperExtension.cs: 1125 - Retrieving features of type [CoordSys] from USB HUB -7口-1
2022-09-06 13:50:36,552 INFO  ExportHelperExtension.cs: 1136 - Found 42 in USB HUB -7口-1
2022-09-06 13:50:36,552 INFO  ExportHelperExtension.cs: 1145 - Found 0 features of type [CoordSys] in USB HUB -7口-1
2022-09-06 13:50:36,552 INFO  ExportHelperExtension.cs: 1125 - Retrieving features of type [CoordSys] from 86-0101 REV B ENVELOPE, VLP-16-1
2022-09-06 13:50:36,552 INFO  ExportHelperExtension.cs: 1136 - Found 33 in 86-0101 REV B ENVELOPE, VLP-16-1
2022-09-06 13:50:36,552 INFO  ExportHelperExtension.cs: 1145 - Found 0 features of type [CoordSys] in 86-0101 REV B ENVELOPE, VLP-16-1
2022-09-06 13:50:36,553 INFO  ExportHelperExtension.cs: 1125 - Retrieving features of type [CoordSys] from M-D024-180003-A-1
2022-09-06 13:50:36,553 INFO  ExportHelperExtension.cs: 1136 - Found 61 in M-D024-180003-A-1
2022-09-06 13:50:36,553 INFO  ExportHelperExtension.cs: 1145 - Found 0 features of type [CoordSys] in M-D024-180003-A-1
2022-09-06 13:50:36,553 INFO  ExportHelperExtension.cs: 1125 - Retrieving features of type [CoordSys] from M-D024-250010-A-1
2022-09-06 13:50:36,554 INFO  ExportHelperExtension.cs: 1136 - Found 193 in M-D024-250010-A-1
2022-09-06 13:50:36,554 INFO  ExportHelperExtension.cs: 1145 - Found 0 features of type [CoordSys] in M-D024-250010-A-1
2022-09-06 13:50:36,554 INFO  ExportHelperExtension.cs: 1125 - Retrieving features of type [CoordSys] from M-D024-250011-A-1
2022-09-06 13:50:36,555 INFO  ExportHelperExtension.cs: 1136 - Found 145 in M-D024-250011-A-1
2022-09-06 13:50:36,555 INFO  ExportHelperExtension.cs: 1145 - Found 0 features of type [CoordSys] in M-D024-250011-A-1
2022-09-06 13:50:36,555 INFO  ExportHelperExtension.cs: 1125 - Retrieving features of type [CoordSys] from 显示屏-1
2022-09-06 13:50:36,556 INFO  ExportHelperExtension.cs: 1136 - Found 41 in 显示屏-1
2022-09-06 13:50:36,556 INFO  ExportHelperExtension.cs: 1145 - Found 0 features of type [CoordSys] in 显示屏-1
2022-09-06 13:50:36,556 INFO  ExportHelperExtension.cs: 1125 - Retrieving features of type [CoordSys] from USB HUB -7口-2
2022-09-06 13:50:36,556 INFO  ExportHelperExtension.cs: 1136 - Found 42 in USB HUB -7口-2
2022-09-06 13:50:36,557 INFO  ExportHelperExtension.cs: 1145 - Found 0 features of type [CoordSys] in USB HUB -7口-2
2022-09-06 13:50:36,557 INFO  ExportHelperExtension.cs: 1125 - Retrieving features of type [CoordSys] from M-D024-180002-A-2
2022-09-06 13:50:36,557 INFO  ExportHelperExtension.cs: 1136 - Found 54 in M-D024-180002-A-2
2022-09-06 13:50:36,557 INFO  ExportHelperExtension.cs: 1145 - Found 0 features of type [CoordSys] in M-D024-180002-A-2
2022-09-06 13:50:36,557 INFO  ExportHelperExtension.cs: 1125 - Retrieving features of type [CoordSys] from M-D024-180002-A-1
2022-09-06 13:50:36,558 INFO  ExportHelperExtension.cs: 1136 - Found 54 in M-D024-180002-A-1
2022-09-06 13:50:36,558 INFO  ExportHelperExtension.cs: 1145 - Found 0 features of type [CoordSys] in M-D024-180002-A-1
2022-09-06 13:50:36,558 INFO  ExportHelperExtension.cs: 1125 - Retrieving features of type [CoordSys] from nano工控机外壳-1
2022-09-06 13:50:36,558 INFO  ExportHelperExtension.cs: 1136 - Found 23 in nano工控机外壳-1
2022-09-06 13:50:36,559 INFO  ExportHelperExtension.cs: 1145 - Found 0 features of type [CoordSys] in nano工控机外壳-1
2022-09-06 13:50:36,559 INFO  ExportHelperExtension.cs: 1125 - Retrieving features of type [CoordSys] from Intel D435i-1
2022-09-06 13:50:36,559 INFO  ExportHelperExtension.cs: 1136 - Found 65 in Intel D435i-1
2022-09-06 13:50:36,560 INFO  ExportHelperExtension.cs: 1145 - Found 0 features of type [CoordSys] in Intel D435i-1
2022-09-06 13:50:36,560 INFO  ExportHelperExtension.cs: 1125 - Retrieving features of type [CoordSys] from SCOUTmini教育套装-1
2022-09-06 13:50:36,561 INFO  ExportHelperExtension.cs: 1136 - Found 179 in SCOUTmini教育套装-1
2022-09-06 13:50:36,561 INFO  ExportHelperExtension.cs: 1145 - Found 0 features of type [CoordSys] in SCOUTmini教育套装-1
2022-09-06 13:50:36,561 INFO  ExportHelperExtension.cs: 1125 - Retrieving features of type [CoordSys] from 六方柱-1
2022-09-06 13:50:36,561 INFO  ExportHelperExtension.cs: 1136 - Found 27 in 六方柱-1
2022-09-06 13:50:36,562 INFO  ExportHelperExtension.cs: 1145 - Found 0 features of type [CoordSys] in 六方柱-1
2022-09-06 13:50:36,562 INFO  ExportHelperExtension.cs: 1125 - Retrieving features of type [CoordSys] from M-D024-250009-A-1
2022-09-06 13:50:36,562 INFO  ExportHelperExtension.cs: 1136 - Found 143 in M-D024-250009-A-1
2022-09-06 13:50:36,563 INFO  ExportHelperExtension.cs: 1145 - Found 0 features of type [CoordSys] in M-D024-250009-A-1
2022-09-06 13:50:36,563 INFO  ExportHelperExtension.cs: 1125 - Retrieving features of type [RefAxis] from 2.SLDASM
2022-09-06 13:50:36,563 INFO  ExportHelperExtension.cs: 1136 - Found 170 in 2.SLDASM
2022-09-06 13:50:36,564 INFO  ExportHelperExtension.cs: 1145 - Found 0 features of type [RefAxis] in 2.SLDASM
2022-09-06 13:50:36,564 INFO  ExportHelperExtension.cs: 1148 - Proceeding through assembly components
2022-09-06 13:50:36,564 INFO  ExportHelperExtension.cs: 1160 - 41 components to check
2022-09-06 13:50:36,564 INFO  ExportHelperExtension.cs: 1125 - Retrieving features of type [RefAxis] from M-D053-250100-A-1
2022-09-06 13:50:36,565 INFO  ExportHelperExtension.cs: 1136 - Found 65 in M-D053-250100-A-1
2022-09-06 13:50:36,565 INFO  ExportHelperExtension.cs: 1145 - Found 0 features of type [RefAxis] in M-D053-250100-A-1
2022-09-06 13:50:36,565 INFO  ExportHelperExtension.cs: 1125 - Retrieving features of type [RefAxis] from 零件3^2-1
2022-09-06 13:50:36,566 INFO  ExportHelperExtension.cs: 1136 - Found 23 in 零件3^2-1
2022-09-06 13:50:36,566 INFO  ExportHelperExtension.cs: 1145 - Found 0 features of type [RefAxis] in 零件3^2-1
2022-09-06 13:50:36,566 INFO  ExportHelperExtension.cs: 1125 - Retrieving features of type [RefAxis] from EAI-G4单线雷达-1
2022-09-06 13:50:36,566 INFO  ExportHelperExtension.cs: 1136 - Found 42 in EAI-G4单线雷达-1
2022-09-06 13:50:36,566 INFO  ExportHelperExtension.cs: 1145 - Found 0 features of type [RefAxis] in EAI-G4单线雷达-1
2022-09-06 13:50:36,567 INFO  ExportHelperExtension.cs: 1125 - Retrieving features of type [RefAxis] from IntelRealsense_D435(i)_Multibody-1
2022-09-06 13:50:36,567 INFO  ExportHelperExtension.cs: 1136 - Found 93 in IntelRealsense_D435(i)_Multibody-1
2022-09-06 13:50:36,567 INFO  ExportHelperExtension.cs: 1145 - Found 0 features of type [RefAxis] in IntelRealsense_D435(i)_Multibody-1
2022-09-06 13:50:36,567 INFO  ExportHelperExtension.cs: 1125 - Retrieving features of type [RefAxis] from nano亚克力盖(1)-1
2022-09-06 13:50:36,568 INFO  ExportHelperExtension.cs: 1136 - Found 29 in nano亚克力盖(1)-1
2022-09-06 13:50:36,568 INFO  ExportHelperExtension.cs: 1145 - Found 0 features of type [RefAxis] in nano亚克力盖(1)-1
2022-09-06 13:50:36,568 INFO  ExportHelperExtension.cs: 1125 - Retrieving features of type [RefAxis] from M-D024-250012-A-1
2022-09-06 13:50:36,568 INFO  ExportHelperExtension.cs: 1136 - Found 50 in M-D024-250012-A-1
2022-09-06 13:50:36,568 INFO  ExportHelperExtension.cs: 1145 - Found 0 features of type [RefAxis] in M-D024-250012-A-1
2022-09-06 13:50:36,569 INFO  ExportHelperExtension.cs: 1125 - Retrieving features of type [RefAxis] from RS-LIDAR-16-2
2022-09-06 13:50:36,569 INFO  ExportHelperExtension.cs: 1136 - Found 32 in RS-LIDAR-16-2
2022-09-06 13:50:36,569 INFO  ExportHelperExtension.cs: 1145 - Found 0 features of type [RefAxis] in RS-LIDAR-16-2
2022-09-06 13:50:36,569 INFO  ExportHelperExtension.cs: 1125 - Retrieving features of type [RefAxis] from 零件1^2-1
2022-09-06 13:50:36,569 INFO  ExportHelperExtension.cs: 1136 - Found 23 in 零件1^2-1
2022-09-06 13:50:36,570 INFO  ExportHelperExtension.cs: 1145 - Found 0 features of type [RefAxis] in 零件1^2-1
2022-09-06 13:50:36,570 INFO  ExportHelperExtension.cs: 1125 - Retrieving features of type [RefAxis] from 大铝-5
2022-09-06 13:50:36,570 INFO  ExportHelperExtension.cs: 1136 - Found 42 in 大铝-5
2022-09-06 13:50:36,570 INFO  ExportHelperExtension.cs: 1145 - Found 0 features of type [RefAxis] in 大铝-5
2022-09-06 13:50:36,570 INFO  ExportHelperExtension.cs: 1125 - Retrieving features of type [RefAxis] from RS-LIDAR-16-1
2022-09-06 13:50:36,571 INFO  ExportHelperExtension.cs: 1136 - Found 32 in RS-LIDAR-16-1
2022-09-06 13:50:36,571 INFO  ExportHelperExtension.cs: 1145 - Found 0 features of type [RefAxis] in RS-LIDAR-16-1
2022-09-06 13:50:36,571 INFO  ExportHelperExtension.cs: 1125 - Retrieving features of type [RefAxis] from Helios_电源盒_直头线（标准版）_asm-2
2022-09-06 13:50:36,571 INFO  ExportHelperExtension.cs: 1136 - Found 32 in Helios_电源盒_直头线（标准版）_asm-2
2022-09-06 13:50:36,571 INFO  ExportHelperExtension.cs: 1145 - Found 0 features of type [RefAxis] in Helios_电源盒_直头线（标准版）_asm-2
2022-09-06 13:50:36,572 INFO  ExportHelperExtension.cs: 1125 - Retrieving features of type [RefAxis] from GL-AR750-2
2022-09-06 13:50:36,572 INFO  ExportHelperExtension.cs: 1136 - Found 43 in GL-AR750-2
2022-09-06 13:50:36,572 INFO  ExportHelperExtension.cs: 1145 - Found 0 features of type [RefAxis] in GL-AR750-2
2022-09-06 13:50:36,572 INFO  ExportHelperExtension.cs: 1125 - Retrieving features of type [RefAxis] from Helios_电源盒_直头线（标准版）_asm-1
2022-09-06 13:50:36,572 INFO  ExportHelperExtension.cs: 1136 - Found 32 in Helios_电源盒_直头线（标准版）_asm-1
2022-09-06 13:50:36,573 INFO  ExportHelperExtension.cs: 1145 - Found 0 features of type [RefAxis] in Helios_电源盒_直头线（标准版）_asm-1
2022-09-06 13:50:36,573 INFO  ExportHelperExtension.cs: 1125 - Retrieving features of type [RefAxis] from M-LIMO-070023-E，nano外壳改 2022-05-07-1
2022-09-06 13:50:36,573 INFO  ExportHelperExtension.cs: 1136 - Found 51 in M-LIMO-070023-E，nano外壳改 2022-05-07-1
2022-09-06 13:50:36,576 INFO  ExportHelperExtension.cs: 1145 - Found 0 features of type [RefAxis] in M-LIMO-070023-E，nano外壳改 2022-05-07-1
2022-09-06 13:50:36,577 INFO  ExportHelperExtension.cs: 1125 - Retrieving features of type [RefAxis] from GL-AR750-1
2022-09-06 13:50:36,590 INFO  ExportHelperExtension.cs: 1136 - Found 43 in GL-AR750-1
2022-09-06 13:50:36,590 INFO  ExportHelperExtension.cs: 1145 - Found 0 features of type [RefAxis] in GL-AR750-1
2022-09-06 13:50:36,590 INFO  ExportHelperExtension.cs: 1125 - Retrieving features of type [RefAxis] from M-D024-250007-A-1
2022-09-06 13:50:36,591 INFO  ExportHelperExtension.cs: 1136 - Found 63 in M-D024-250007-A-1
2022-09-06 13:50:36,591 INFO  ExportHelperExtension.cs: 1145 - Found 0 features of type [RefAxis] in M-D024-250007-A-1
2022-09-06 13:50:36,591 INFO  ExportHelperExtension.cs: 1125 - Retrieving features of type [RefAxis] from M-D053-251003-A-1
2022-09-06 13:50:36,592 INFO  ExportHelperExtension.cs: 1136 - Found 47 in M-D053-251003-A-1
2022-09-06 13:50:36,592 INFO  ExportHelperExtension.cs: 1145 - Found 0 features of type [RefAxis] in M-D053-251003-A-1
2022-09-06 13:50:36,592 INFO  ExportHelperExtension.cs: 1125 - Retrieving features of type [RefAxis] from Leetop-AGX Xavier-1
2022-09-06 13:50:36,593 INFO  ExportHelperExtension.cs: 1136 - Found 38 in Leetop-AGX Xavier-1
2022-09-06 13:50:36,593 INFO  ExportHelperExtension.cs: 1145 - Found 0 features of type [RefAxis] in Leetop-AGX Xavier-1
2022-09-06 13:50:36,594 INFO  ExportHelperExtension.cs: 1125 - Retrieving features of type [RefAxis] from 大铝-6
2022-09-06 13:50:36,594 INFO  ExportHelperExtension.cs: 1136 - Found 42 in 大铝-6
2022-09-06 13:50:36,595 INFO  ExportHelperExtension.cs: 1145 - Found 0 features of type [RefAxis] in 大铝-6
2022-09-06 13:50:36,595 INFO  ExportHelperExtension.cs: 1125 - Retrieving features of type [RefAxis] from CH110_SHELL-1
2022-09-06 13:50:36,595 INFO  ExportHelperExtension.cs: 1136 - Found 36 in CH110_SHELL-1
2022-09-06 13:50:36,595 INFO  ExportHelperExtension.cs: 1145 - Found 0 features of type [RefAxis] in CH110_SHELL-1
2022-09-06 13:50:36,595 INFO  ExportHelperExtension.cs: 1125 - Retrieving features of type [RefAxis] from EAI-G4单线雷达USb转接板-1
2022-09-06 13:50:36,596 INFO  ExportHelperExtension.cs: 1136 - Found 38 in EAI-G4单线雷达USb转接板-1
2022-09-06 13:50:36,596 INFO  ExportHelperExtension.cs: 1145 - Found 0 features of type [RefAxis] in EAI-G4单线雷达USb转接板-1
2022-09-06 13:50:36,596 INFO  ExportHelperExtension.cs: 1125 - Retrieving features of type [RefAxis] from Helios_Lede_20220314(1)-1
2022-09-06 13:50:36,597 INFO  ExportHelperExtension.cs: 1136 - Found 39 in Helios_Lede_20220314(1)-1
2022-09-06 13:50:36,597 INFO  ExportHelperExtension.cs: 1145 - Found 0 features of type [RefAxis] in Helios_Lede_20220314(1)-1
2022-09-06 13:50:36,597 INFO  ExportHelperExtension.cs: 1125 - Retrieving features of type [RefAxis] from LEEP-2
2022-09-06 13:50:36,599 INFO  ExportHelperExtension.cs: 1136 - Found 1376 in LEEP-2
2022-09-06 13:50:36,601 INFO  ExportHelperExtension.cs: 1145 - Found 0 features of type [RefAxis] in LEEP-2
2022-09-06 13:50:36,601 INFO  ExportHelperExtension.cs: 1125 - Retrieving features of type [RefAxis] from M-D024-250006-B-1
2022-09-06 13:50:36,601 INFO  ExportHelperExtension.cs: 1136 - Found 92 in M-D024-250006-B-1
2022-09-06 13:50:36,602 INFO  ExportHelperExtension.cs: 1145 - Found 0 features of type [RefAxis] in M-D024-250006-B-1
2022-09-06 13:50:36,602 INFO  ExportHelperExtension.cs: 1125 - Retrieving features of type [RefAxis] from USB HUB -7口-1
2022-09-06 13:50:36,602 INFO  ExportHelperExtension.cs: 1136 - Found 42 in USB HUB -7口-1
2022-09-06 13:50:36,602 INFO  ExportHelperExtension.cs: 1145 - Found 0 features of type [RefAxis] in USB HUB -7口-1
2022-09-06 13:50:36,602 INFO  ExportHelperExtension.cs: 1125 - Retrieving features of type [RefAxis] from 86-0101 REV B ENVELOPE, VLP-16-1
2022-09-06 13:50:36,603 INFO  ExportHelperExtension.cs: 1136 - Found 33 in 86-0101 REV B ENVELOPE, VLP-16-1
2022-09-06 13:50:36,603 INFO  ExportHelperExtension.cs: 1145 - Found 0 features of type [RefAxis] in 86-0101 REV B ENVELOPE, VLP-16-1
2022-09-06 13:50:36,603 INFO  ExportHelperExtension.cs: 1125 - Retrieving features of type [RefAxis] from M-D024-180003-A-1
2022-09-06 13:50:36,603 INFO  ExportHelperExtension.cs: 1136 - Found 61 in M-D024-180003-A-1
2022-09-06 13:50:36,604 INFO  ExportHelperExtension.cs: 1145 - Found 0 features of type [RefAxis] in M-D024-180003-A-1
2022-09-06 13:50:36,604 INFO  ExportHelperExtension.cs: 1125 - Retrieving features of type [RefAxis] from M-D024-250010-A-1
2022-09-06 13:50:36,604 INFO  ExportHelperExtension.cs: 1136 - Found 193 in M-D024-250010-A-1
2022-09-06 13:50:36,605 INFO  ExportHelperExtension.cs: 1145 - Found 0 features of type [RefAxis] in M-D024-250010-A-1
2022-09-06 13:50:36,605 INFO  ExportHelperExtension.cs: 1125 - Retrieving features of type [RefAxis] from M-D024-250011-A-1
2022-09-06 13:50:36,605 INFO  ExportHelperExtension.cs: 1136 - Found 145 in M-D024-250011-A-1
2022-09-06 13:50:36,606 INFO  ExportHelperExtension.cs: 1145 - Found 0 features of type [RefAxis] in M-D024-250011-A-1
2022-09-06 13:50:36,606 INFO  ExportHelperExtension.cs: 1125 - Retrieving features of type [RefAxis] from 显示屏-1
2022-09-06 13:50:36,606 INFO  ExportHelperExtension.cs: 1136 - Found 41 in 显示屏-1
2022-09-06 13:50:36,606 INFO  ExportHelperExtension.cs: 1145 - Found 0 features of type [RefAxis] in 显示屏-1
2022-09-06 13:50:36,606 INFO  ExportHelperExtension.cs: 1125 - Retrieving features of type [RefAxis] from USB HUB -7口-2
2022-09-06 13:50:36,607 INFO  ExportHelperExtension.cs: 1136 - Found 42 in USB HUB -7口-2
2022-09-06 13:50:36,607 INFO  ExportHelperExtension.cs: 1145 - Found 0 features of type [RefAxis] in USB HUB -7口-2
2022-09-06 13:50:36,607 INFO  ExportHelperExtension.cs: 1125 - Retrieving features of type [RefAxis] from M-D024-180002-A-2
2022-09-06 13:50:36,607 INFO  ExportHelperExtension.cs: 1136 - Found 54 in M-D024-180002-A-2
2022-09-06 13:50:36,608 INFO  ExportHelperExtension.cs: 1145 - Found 0 features of type [RefAxis] in M-D024-180002-A-2
2022-09-06 13:50:36,608 INFO  ExportHelperExtension.cs: 1125 - Retrieving features of type [RefAxis] from M-D024-180002-A-1
2022-09-06 13:50:36,608 INFO  ExportHelperExtension.cs: 1136 - Found 54 in M-D024-180002-A-1
2022-09-06 13:50:36,608 INFO  ExportHelperExtension.cs: 1145 - Found 0 features of type [RefAxis] in M-D024-180002-A-1
2022-09-06 13:50:36,608 INFO  ExportHelperExtension.cs: 1125 - Retrieving features of type [RefAxis] from nano工控机外壳-1
2022-09-06 13:50:36,609 INFO  ExportHelperExtension.cs: 1136 - Found 23 in nano工控机外壳-1
2022-09-06 13:50:36,609 INFO  ExportHelperExtension.cs: 1145 - Found 0 features of type [RefAxis] in nano工控机外壳-1
2022-09-06 13:50:36,609 INFO  ExportHelperExtension.cs: 1125 - Retrieving features of type [RefAxis] from Intel D435i-1
2022-09-06 13:50:36,609 INFO  ExportHelperExtension.cs: 1136 - Found 65 in Intel D435i-1
2022-09-06 13:50:36,609 INFO  ExportHelperExtension.cs: 1145 - Found 0 features of type [RefAxis] in Intel D435i-1
2022-09-06 13:50:36,610 INFO  ExportHelperExtension.cs: 1125 - Retrieving features of type [RefAxis] from SCOUTmini教育套装-1
2022-09-06 13:50:36,610 INFO  ExportHelperExtension.cs: 1136 - Found 179 in SCOUTmini教育套装-1
2022-09-06 13:50:36,610 INFO  ExportHelperExtension.cs: 1145 - Found 0 features of type [RefAxis] in SCOUTmini教育套装-1
2022-09-06 13:50:36,611 INFO  ExportHelperExtension.cs: 1125 - Retrieving features of type [RefAxis] from 六方柱-1
2022-09-06 13:50:36,611 INFO  ExportHelperExtension.cs: 1136 - Found 27 in 六方柱-1
2022-09-06 13:50:36,611 INFO  ExportHelperExtension.cs: 1145 - Found 0 features of type [RefAxis] in 六方柱-1
2022-09-06 13:50:36,611 INFO  ExportHelperExtension.cs: 1125 - Retrieving features of type [RefAxis] from M-D024-250009-A-1
2022-09-06 13:50:36,612 INFO  ExportHelperExtension.cs: 1136 - Found 143 in M-D024-250009-A-1
2022-09-06 13:50:36,612 INFO  ExportHelperExtension.cs: 1145 - Found 0 features of type [RefAxis] in M-D024-250009-A-1
2022-09-06 13:50:37,336 INFO  SwAddin.cs: 339 - Loading config tree
2022-09-06 13:50:37,340 INFO  ExportPropertyManagerExtension.cs: 520 - Starting new configuration
2022-09-06 13:50:37,342 INFO  SwAddin.cs: 344 - Showing property manager
2022-09-06 13:51:22,189 INFO  ExportPropertyManager.cs: 1018 - OnComboboxSelectionChanged called. This method no longer throws an Exception. It just silently does nothing. Ok, except for this logging message
2022-09-06 13:51:30,107 INFO  ExportPropertyManager.cs: 1136 - OnNumberBoxTrackingCompleted called. This method no longer throws an Exception. It just silently does nothing. Ok, except for this logging message
2022-09-06 13:51:50,685 INFO  ExportPropertyManager.cs: 1018 - OnComboboxSelectionChanged called. This method no longer throws an Exception. It just silently does nothing. Ok, except for this logging message
2022-09-06 13:51:51,709 INFO  ExportPropertyManager.cs: 1018 - OnComboboxSelectionChanged called. This method no longer throws an Exception. It just silently does nothing. Ok, except for this logging message
2022-09-06 13:51:53,576 INFO  ExportPropertyManager.cs: 1018 - OnComboboxSelectionChanged called. This method no longer throws an Exception. It just silently does nothing. Ok, except for this logging message
2022-09-06 13:51:55,729 INFO  ExportPropertyManager.cs: 1018 - OnComboboxSelectionChanged called. This method no longer throws an Exception. It just silently does nothing. Ok, except for this logging message
2022-09-06 14:04:40,881 INFO  ExportPropertyManager.cs: 1018 - OnComboboxSelectionChanged called. This method no longer throws an Exception. It just silently does nothing. Ok, except for this logging message
2022-09-06 14:05:08,549 INFO  ExportPropertyManager.cs: 422 - Configuration saved
2022-09-06 14:05:13,666 INFO  ExportHelperExtension.cs: 347 - Creating joint box_link
2022-09-06 14:05:13,670 INFO  ExportHelperExtension.cs: 1397 - Fixing components for base_link
2022-09-06 14:05:13,671 INFO  ExportHelperExtension.cs: 1402 - Fixing 286
2022-09-06 14:05:14,954 INFO  ExportHelperExtension.cs: 832 - R1: 0, 0
2022-09-06 14:05:14,955 INFO  ExportHelperExtension.cs: 841 - R2: 0, 0
2022-09-06 14:05:14,955 INFO  ExportHelperExtension.cs: 849 - L1: 0
2022-09-06 14:05:14,955 INFO  ExportHelperExtension.cs: 857 - L2: 0
2022-09-06 14:05:15,112 INFO  ExportHelperExtension.cs: 1352 - Unfixing component 286
2022-09-06 14:05:15,869 WARN  ExportHelperExtension.cs: 351 - Creating joint from parent base_link to child box_link failed
2022-09-06 14:05:20,782 INFO  ExportHelperExtension.cs: 1125 - Retrieving features of type [CoordSys] from 2.SLDASM
2022-09-06 14:05:20,820 INFO  ExportHelperExtension.cs: 1136 - Found 171 in 2.SLDASM
2022-09-06 14:05:20,820 INFO  ExportHelperExtension.cs: 1145 - Found 1 features of type [CoordSys] in 2.SLDASM
2022-09-06 14:05:20,821 INFO  ExportHelperExtension.cs: 1148 - Proceeding through assembly components
2022-09-06 14:05:20,821 INFO  ExportHelperExtension.cs: 1160 - 41 components to check
2022-09-06 14:05:20,822 INFO  ExportHelperExtension.cs: 1125 - Retrieving features of type [CoordSys] from M-D053-250100-A-1
2022-09-06 14:05:20,822 INFO  ExportHelperExtension.cs: 1136 - Found 65 in M-D053-250100-A-1
2022-09-06 14:05:20,822 INFO  ExportHelperExtension.cs: 1145 - Found 0 features of type [CoordSys] in M-D053-250100-A-1
2022-09-06 14:05:20,822 INFO  ExportHelperExtension.cs: 1125 - Retrieving features of type [CoordSys] from 零件3^2-1
2022-09-06 14:05:20,823 INFO  ExportHelperExtension.cs: 1136 - Found 23 in 零件3^2-1
2022-09-06 14:05:20,823 INFO  ExportHelperExtension.cs: 1145 - Found 0 features of type [CoordSys] in 零件3^2-1
2022-09-06 14:05:20,823 INFO  ExportHelperExtension.cs: 1125 - Retrieving features of type [CoordSys] from EAI-G4单线雷达-1
2022-09-06 14:05:20,824 INFO  ExportHelperExtension.cs: 1136 - Found 42 in EAI-G4单线雷达-1
2022-09-06 14:05:20,824 INFO  ExportHelperExtension.cs: 1145 - Found 0 features of type [CoordSys] in EAI-G4单线雷达-1
2022-09-06 14:05:20,824 INFO  ExportHelperExtension.cs: 1125 - Retrieving features of type [CoordSys] from IntelRealsense_D435(i)_Multibody-1
2022-09-06 14:05:20,824 INFO  ExportHelperExtension.cs: 1136 - Found 93 in IntelRealsense_D435(i)_Multibody-1
2022-09-06 14:05:20,825 INFO  ExportHelperExtension.cs: 1145 - Found 0 features of type [CoordSys] in IntelRealsense_D435(i)_Multibody-1
2022-09-06 14:05:20,825 INFO  ExportHelperExtension.cs: 1125 - Retrieving features of type [CoordSys] from nano亚克力盖(1)-1
2022-09-06 14:05:20,825 INFO  ExportHelperExtension.cs: 1136 - Found 29 in nano亚克力盖(1)-1
2022-09-06 14:05:20,826 INFO  ExportHelperExtension.cs: 1145 - Found 0 features of type [CoordSys] in nano亚克力盖(1)-1
2022-09-06 14:05:20,826 INFO  ExportHelperExtension.cs: 1125 - Retrieving features of type [CoordSys] from M-D024-250012-A-1
2022-09-06 14:05:20,826 INFO  ExportHelperExtension.cs: 1136 - Found 50 in M-D024-250012-A-1
2022-09-06 14:05:20,826 INFO  ExportHelperExtension.cs: 1145 - Found 0 features of type [CoordSys] in M-D024-250012-A-1
2022-09-06 14:05:20,827 INFO  ExportHelperExtension.cs: 1125 - Retrieving features of type [CoordSys] from RS-LIDAR-16-2
2022-09-06 14:05:20,827 INFO  ExportHelperExtension.cs: 1136 - Found 32 in RS-LIDAR-16-2
2022-09-06 14:05:20,827 INFO  ExportHelperExtension.cs: 1145 - Found 0 features of type [CoordSys] in RS-LIDAR-16-2
2022-09-06 14:05:20,828 INFO  ExportHelperExtension.cs: 1125 - Retrieving features of type [CoordSys] from 零件1^2-1
2022-09-06 14:05:20,828 INFO  ExportHelperExtension.cs: 1136 - Found 23 in 零件1^2-1
2022-09-06 14:05:20,829 INFO  ExportHelperExtension.cs: 1145 - Found 0 features of type [CoordSys] in 零件1^2-1
2022-09-06 14:05:20,829 INFO  ExportHelperExtension.cs: 1125 - Retrieving features of type [CoordSys] from 大铝-5
2022-09-06 14:05:20,829 INFO  ExportHelperExtension.cs: 1136 - Found 42 in 大铝-5
2022-09-06 14:05:20,830 INFO  ExportHelperExtension.cs: 1145 - Found 0 features of type [CoordSys] in 大铝-5
2022-09-06 14:05:20,830 INFO  ExportHelperExtension.cs: 1125 - Retrieving features of type [CoordSys] from RS-LIDAR-16-1
2022-09-06 14:05:20,830 INFO  ExportHelperExtension.cs: 1136 - Found 32 in RS-LIDAR-16-1
2022-09-06 14:05:20,830 INFO  ExportHelperExtension.cs: 1145 - Found 0 features of type [CoordSys] in RS-LIDAR-16-1
2022-09-06 14:05:20,831 INFO  ExportHelperExtension.cs: 1125 - Retrieving features of type [CoordSys] from Helios_电源盒_直头线（标准版）_asm-2
2022-09-06 14:05:20,831 INFO  ExportHelperExtension.cs: 1136 - Found 32 in Helios_电源盒_直头线（标准版）_asm-2
2022-09-06 14:05:20,831 INFO  ExportHelperExtension.cs: 1145 - Found 0 features of type [CoordSys] in Helios_电源盒_直头线（标准版）_asm-2
2022-09-06 14:05:20,831 INFO  ExportHelperExtension.cs: 1125 - Retrieving features of type [CoordSys] from GL-AR750-2
2022-09-06 14:05:20,831 INFO  ExportHelperExtension.cs: 1136 - Found 43 in GL-AR750-2
2022-09-06 14:05:20,832 INFO  ExportHelperExtension.cs: 1145 - Found 0 features of type [CoordSys] in GL-AR750-2
2022-09-06 14:05:20,832 INFO  ExportHelperExtension.cs: 1125 - Retrieving features of type [CoordSys] from Helios_电源盒_直头线（标准版）_asm-1
2022-09-06 14:05:20,832 INFO  ExportHelperExtension.cs: 1136 - Found 32 in Helios_电源盒_直头线（标准版）_asm-1
2022-09-06 14:05:20,832 INFO  ExportHelperExtension.cs: 1145 - Found 0 features of type [CoordSys] in Helios_电源盒_直头线（标准版）_asm-1
2022-09-06 14:05:20,833 INFO  ExportHelperExtension.cs: 1125 - Retrieving features of type [CoordSys] from M-LIMO-070023-E，nano外壳改 2022-05-07-1
2022-09-06 14:05:20,833 INFO  ExportHelperExtension.cs: 1136 - Found 51 in M-LIMO-070023-E，nano外壳改 2022-05-07-1
2022-09-06 14:05:20,833 INFO  ExportHelperExtension.cs: 1145 - Found 0 features of type [CoordSys] in M-LIMO-070023-E，nano外壳改 2022-05-07-1
2022-09-06 14:05:20,833 INFO  ExportHelperExtension.cs: 1125 - Retrieving features of type [CoordSys] from GL-AR750-1
2022-09-06 14:05:20,833 INFO  ExportHelperExtension.cs: 1136 - Found 43 in GL-AR750-1
2022-09-06 14:05:20,834 INFO  ExportHelperExtension.cs: 1145 - Found 0 features of type [CoordSys] in GL-AR750-1
2022-09-06 14:05:20,834 INFO  ExportHelperExtension.cs: 1125 - Retrieving features of type [CoordSys] from M-D024-250007-A-1
2022-09-06 14:05:20,834 INFO  ExportHelperExtension.cs: 1136 - Found 63 in M-D024-250007-A-1
2022-09-06 14:05:20,834 INFO  ExportHelperExtension.cs: 1145 - Found 0 features of type [CoordSys] in M-D024-250007-A-1
2022-09-06 14:05:20,835 INFO  ExportHelperExtension.cs: 1125 - Retrieving features of type [CoordSys] from M-D053-251003-A-1
2022-09-06 14:05:20,835 INFO  ExportHelperExtension.cs: 1136 - Found 47 in M-D053-251003-A-1
2022-09-06 14:05:20,835 INFO  ExportHelperExtension.cs: 1145 - Found 0 features of type [CoordSys] in M-D053-251003-A-1
2022-09-06 14:05:20,835 INFO  ExportHelperExtension.cs: 1125 - Retrieving features of type [CoordSys] from Leetop-AGX Xavier-1
2022-09-06 14:05:20,836 INFO  ExportHelperExtension.cs: 1136 - Found 38 in Leetop-AGX Xavier-1
2022-09-06 14:05:20,836 INFO  ExportHelperExtension.cs: 1145 - Found 0 features of type [CoordSys] in Leetop-AGX Xavier-1
2022-09-06 14:05:20,836 INFO  ExportHelperExtension.cs: 1125 - Retrieving features of type [CoordSys] from 大铝-6
2022-09-06 14:05:20,836 INFO  ExportHelperExtension.cs: 1136 - Found 42 in 大铝-6
2022-09-06 14:05:20,837 INFO  ExportHelperExtension.cs: 1145 - Found 0 features of type [CoordSys] in 大铝-6
2022-09-06 14:05:20,837 INFO  ExportHelperExtension.cs: 1125 - Retrieving features of type [CoordSys] from CH110_SHELL-1
2022-09-06 14:05:20,837 INFO  ExportHelperExtension.cs: 1136 - Found 36 in CH110_SHELL-1
2022-09-06 14:05:20,837 INFO  ExportHelperExtension.cs: 1145 - Found 0 features of type [CoordSys] in CH110_SHELL-1
2022-09-06 14:05:20,837 INFO  ExportHelperExtension.cs: 1125 - Retrieving features of type [CoordSys] from EAI-G4单线雷达USb转接板-1
2022-09-06 14:05:20,838 INFO  ExportHelperExtension.cs: 1136 - Found 38 in EAI-G4单线雷达USb转接板-1
2022-09-06 14:05:20,838 INFO  ExportHelperExtension.cs: 1145 - Found 0 features of type [CoordSys] in EAI-G4单线雷达USb转接板-1
2022-09-06 14:05:20,838 INFO  ExportHelperExtension.cs: 1125 - Retrieving features of type [CoordSys] from Helios_Lede_20220314(1)-1
2022-09-06 14:05:20,839 INFO  ExportHelperExtension.cs: 1136 - Found 39 in Helios_Lede_20220314(1)-1
2022-09-06 14:05:20,839 INFO  ExportHelperExtension.cs: 1145 - Found 0 features of type [CoordSys] in Helios_Lede_20220314(1)-1
2022-09-06 14:05:20,839 INFO  ExportHelperExtension.cs: 1125 - Retrieving features of type [CoordSys] from LEEP-2
2022-09-06 14:05:20,841 INFO  ExportHelperExtension.cs: 1136 - Found 1376 in LEEP-2
2022-09-06 14:05:20,843 INFO  ExportHelperExtension.cs: 1145 - Found 0 features of type [CoordSys] in LEEP-2
2022-09-06 14:05:20,843 INFO  ExportHelperExtension.cs: 1125 - Retrieving features of type [CoordSys] from M-D024-250006-B-1
2022-09-06 14:05:20,844 INFO  ExportHelperExtension.cs: 1136 - Found 92 in M-D024-250006-B-1
2022-09-06 14:05:20,844 INFO  ExportHelperExtension.cs: 1145 - Found 0 features of type [CoordSys] in M-D024-250006-B-1
2022-09-06 14:05:20,844 INFO  ExportHelperExtension.cs: 1125 - Retrieving features of type [CoordSys] from USB HUB -7口-1
2022-09-06 14:05:20,847 INFO  ExportHelperExtension.cs: 1136 - Found 42 in USB HUB -7口-1
2022-09-06 14:05:20,848 INFO  ExportHelperExtension.cs: 1145 - Found 0 features of type [CoordSys] in USB HUB -7口-1
2022-09-06 14:05:20,848 INFO  ExportHelperExtension.cs: 1125 - Retrieving features of type [CoordSys] from 86-0101 REV B ENVELOPE, VLP-16-1
2022-09-06 14:05:21,158 INFO  ExportHelperExtension.cs: 1136 - Found 33 in 86-0101 REV B ENVELOPE, VLP-16-1
2022-09-06 14:05:21,158 INFO  ExportHelperExtension.cs: 1145 - Found 0 features of type [CoordSys] in 86-0101 REV B ENVELOPE, VLP-16-1
2022-09-06 14:05:21,159 INFO  ExportHelperExtension.cs: 1125 - Retrieving features of type [CoordSys] from M-D024-180003-A-1
2022-09-06 14:05:21,159 INFO  ExportHelperExtension.cs: 1136 - Found 61 in M-D024-180003-A-1
2022-09-06 14:05:21,159 INFO  ExportHelperExtension.cs: 1145 - Found 0 features of type [CoordSys] in M-D024-180003-A-1
2022-09-06 14:05:21,160 INFO  ExportHelperExtension.cs: 1125 - Retrieving features of type [CoordSys] from M-D024-250010-A-1
2022-09-06 14:05:21,160 INFO  ExportHelperExtension.cs: 1136 - Found 193 in M-D024-250010-A-1
2022-09-06 14:05:21,161 INFO  ExportHelperExtension.cs: 1145 - Found 0 features of type [CoordSys] in M-D024-250010-A-1
2022-09-06 14:05:21,161 INFO  ExportHelperExtension.cs: 1125 - Retrieving features of type [CoordSys] from M-D024-250011-A-1
2022-09-06 14:05:21,161 INFO  ExportHelperExtension.cs: 1136 - Found 145 in M-D024-250011-A-1
2022-09-06 14:05:21,162 INFO  ExportHelperExtension.cs: 1145 - Found 0 features of type [CoordSys] in M-D024-250011-A-1
2022-09-06 14:05:21,162 INFO  ExportHelperExtension.cs: 1125 - Retrieving features of type [CoordSys] from 显示屏-1
2022-09-06 14:05:21,162 INFO  ExportHelperExtension.cs: 1136 - Found 41 in 显示屏-1
2022-09-06 14:05:21,162 INFO  ExportHelperExtension.cs: 1145 - Found 0 features of type [CoordSys] in 显示屏-1
2022-09-06 14:05:21,163 INFO  ExportHelperExtension.cs: 1125 - Retrieving features of type [CoordSys] from USB HUB -7口-2
2022-09-06 14:05:21,163 INFO  ExportHelperExtension.cs: 1136 - Found 42 in USB HUB -7口-2
2022-09-06 14:05:21,163 INFO  ExportHelperExtension.cs: 1145 - Found 0 features of type [CoordSys] in USB HUB -7口-2
2022-09-06 14:05:21,163 INFO  ExportHelperExtension.cs: 1125 - Retrieving features of type [CoordSys] from M-D024-180002-A-2
2022-09-06 14:05:21,164 INFO  ExportHelperExtension.cs: 1136 - Found 54 in M-D024-180002-A-2
2022-09-06 14:05:21,164 INFO  ExportHelperExtension.cs: 1145 - Found 0 features of type [CoordSys] in M-D024-180002-A-2
2022-09-06 14:05:21,164 INFO  ExportHelperExtension.cs: 1125 - Retrieving features of type [CoordSys] from M-D024-180002-A-1
2022-09-06 14:05:21,164 INFO  ExportHelperExtension.cs: 1136 - Found 54 in M-D024-180002-A-1
2022-09-06 14:05:21,165 INFO  ExportHelperExtension.cs: 1145 - Found 0 features of type [CoordSys] in M-D024-180002-A-1
2022-09-06 14:05:21,165 INFO  ExportHelperExtension.cs: 1125 - Retrieving features of type [CoordSys] from nano工控机外壳-1
2022-09-06 14:05:21,165 INFO  ExportHelperExtension.cs: 1136 - Found 23 in nano工控机外壳-1
2022-09-06 14:05:21,165 INFO  ExportHelperExtension.cs: 1145 - Found 0 features of type [CoordSys] in nano工控机外壳-1
2022-09-06 14:05:21,165 INFO  ExportHelperExtension.cs: 1125 - Retrieving features of type [CoordSys] from Intel D435i-1
2022-09-06 14:05:21,166 INFO  ExportHelperExtension.cs: 1136 - Found 65 in Intel D435i-1
2022-09-06 14:05:21,166 INFO  ExportHelperExtension.cs: 1145 - Found 0 features of type [CoordSys] in Intel D435i-1
2022-09-06 14:05:21,166 INFO  ExportHelperExtension.cs: 1125 - Retrieving features of type [CoordSys] from SCOUTmini教育套装-1
2022-09-06 14:05:21,166 INFO  ExportHelperExtension.cs: 1136 - Found 179 in SCOUTmini教育套装-1
2022-09-06 14:05:21,167 INFO  ExportHelperExtension.cs: 1145 - Found 0 features of type [CoordSys] in SCOUTmini教育套装-1
2022-09-06 14:05:21,167 INFO  ExportHelperExtension.cs: 1125 - Retrieving features of type [CoordSys] from 六方柱-1
2022-09-06 14:05:21,167 INFO  ExportHelperExtension.cs: 1136 - Found 27 in 六方柱-1
2022-09-06 14:05:21,168 INFO  ExportHelperExtension.cs: 1145 - Found 0 features of type [CoordSys] in 六方柱-1
2022-09-06 14:05:21,168 INFO  ExportHelperExtension.cs: 1125 - Retrieving features of type [CoordSys] from M-D024-250009-A-1
2022-09-06 14:05:21,168 INFO  ExportHelperExtension.cs: 1136 - Found 143 in M-D024-250009-A-1
2022-09-06 14:05:21,169 INFO  ExportHelperExtension.cs: 1145 - Found 0 features of type [CoordSys] in M-D024-250009-A-1
2022-09-06 14:05:21,169 INFO  ExportHelperExtension.cs: 1125 - Retrieving features of type [RefAxis] from 2.SLDASM
2022-09-06 14:05:21,169 INFO  ExportHelperExtension.cs: 1136 - Found 171 in 2.SLDASM
2022-09-06 14:05:21,169 INFO  ExportHelperExtension.cs: 1145 - Found 0 features of type [RefAxis] in 2.SLDASM
2022-09-06 14:05:21,170 INFO  ExportHelperExtension.cs: 1148 - Proceeding through assembly components
2022-09-06 14:05:21,170 INFO  ExportHelperExtension.cs: 1160 - 41 components to check
2022-09-06 14:05:21,170 INFO  ExportHelperExtension.cs: 1125 - Retrieving features of type [RefAxis] from M-D053-250100-A-1
2022-09-06 14:05:21,170 INFO  ExportHelperExtension.cs: 1136 - Found 65 in M-D053-250100-A-1
2022-09-06 14:05:21,171 INFO  ExportHelperExtension.cs: 1145 - Found 0 features of type [RefAxis] in M-D053-250100-A-1
2022-09-06 14:05:21,171 INFO  ExportHelperExtension.cs: 1125 - Retrieving features of type [RefAxis] from 零件3^2-1
2022-09-06 14:05:21,171 INFO  ExportHelperExtension.cs: 1136 - Found 23 in 零件3^2-1
2022-09-06 14:05:21,171 INFO  ExportHelperExtension.cs: 1145 - Found 0 features of type [RefAxis] in 零件3^2-1
2022-09-06 14:05:21,171 INFO  ExportHelperExtension.cs: 1125 - Retrieving features of type [RefAxis] from EAI-G4单线雷达-1
2022-09-06 14:05:21,172 INFO  ExportHelperExtension.cs: 1136 - Found 42 in EAI-G4单线雷达-1
2022-09-06 14:05:21,172 INFO  ExportHelperExtension.cs: 1145 - Found 0 features of type [RefAxis] in EAI-G4单线雷达-1
2022-09-06 14:05:21,172 INFO  ExportHelperExtension.cs: 1125 - Retrieving features of type [RefAxis] from IntelRealsense_D435(i)_Multibody-1
2022-09-06 14:05:21,173 INFO  ExportHelperExtension.cs: 1136 - Found 93 in IntelRealsense_D435(i)_Multibody-1
2022-09-06 14:05:21,173 INFO  ExportHelperExtension.cs: 1145 - Found 0 features of type [RefAxis] in IntelRealsense_D435(i)_Multibody-1
2022-09-06 14:05:21,173 INFO  ExportHelperExtension.cs: 1125 - Retrieving features of type [RefAxis] from nano亚克力盖(1)-1
2022-09-06 14:05:21,173 INFO  ExportHelperExtension.cs: 1136 - Found 29 in nano亚克力盖(1)-1
2022-09-06 14:05:21,174 INFO  ExportHelperExtension.cs: 1145 - Found 0 features of type [RefAxis] in nano亚克力盖(1)-1
2022-09-06 14:05:21,174 INFO  ExportHelperExtension.cs: 1125 - Retrieving features of type [RefAxis] from M-D024-250012-A-1
2022-09-06 14:05:21,174 INFO  ExportHelperExtension.cs: 1136 - Found 50 in M-D024-250012-A-1
2022-09-06 14:05:21,174 INFO  ExportHelperExtension.cs: 1145 - Found 0 features of type [RefAxis] in M-D024-250012-A-1
2022-09-06 14:05:21,175 INFO  ExportHelperExtension.cs: 1125 - Retrieving features of type [RefAxis] from RS-LIDAR-16-2
2022-09-06 14:05:21,175 INFO  ExportHelperExtension.cs: 1136 - Found 32 in RS-LIDAR-16-2
2022-09-06 14:05:21,175 INFO  ExportHelperExtension.cs: 1145 - Found 0 features of type [RefAxis] in RS-LIDAR-16-2
2022-09-06 14:05:21,175 INFO  ExportHelperExtension.cs: 1125 - Retrieving features of type [RefAxis] from 零件1^2-1
2022-09-06 14:05:21,176 INFO  ExportHelperExtension.cs: 1136 - Found 23 in 零件1^2-1
2022-09-06 14:05:21,176 INFO  ExportHelperExtension.cs: 1145 - Found 0 features of type [RefAxis] in 零件1^2-1
2022-09-06 14:05:21,176 INFO  ExportHelperExtension.cs: 1125 - Retrieving features of type [RefAxis] from 大铝-5
2022-09-06 14:05:21,176 INFO  ExportHelperExtension.cs: 1136 - Found 42 in 大铝-5
2022-09-06 14:05:21,176 INFO  ExportHelperExtension.cs: 1145 - Found 0 features of type [RefAxis] in 大铝-5
2022-09-06 14:05:21,177 INFO  ExportHelperExtension.cs: 1125 - Retrieving features of type [RefAxis] from RS-LIDAR-16-1
2022-09-06 14:05:21,177 INFO  ExportHelperExtension.cs: 1136 - Found 32 in RS-LIDAR-16-1
2022-09-06 14:05:21,177 INFO  ExportHelperExtension.cs: 1145 - Found 0 features of type [RefAxis] in RS-LIDAR-16-1
2022-09-06 14:05:21,177 INFO  ExportHelperExtension.cs: 1125 - Retrieving features of type [RefAxis] from Helios_电源盒_直头线（标准版）_asm-2
2022-09-06 14:05:21,177 INFO  ExportHelperExtension.cs: 1136 - Found 32 in Helios_电源盒_直头线（标准版）_asm-2
2022-09-06 14:05:21,178 INFO  ExportHelperExtension.cs: 1145 - Found 0 features of type [RefAxis] in Helios_电源盒_直头线（标准版）_asm-2
2022-09-06 14:05:21,178 INFO  ExportHelperExtension.cs: 1125 - Retrieving features of type [RefAxis] from GL-AR750-2
2022-09-06 14:05:21,178 INFO  ExportHelperExtension.cs: 1136 - Found 43 in GL-AR750-2
2022-09-06 14:05:21,178 INFO  ExportHelperExtension.cs: 1145 - Found 0 features of type [RefAxis] in GL-AR750-2
2022-09-06 14:05:21,179 INFO  ExportHelperExtension.cs: 1125 - Retrieving features of type [RefAxis] from Helios_电源盒_直头线（标准版）_asm-1
2022-09-06 14:05:21,179 INFO  ExportHelperExtension.cs: 1136 - Found 32 in Helios_电源盒_直头线（标准版）_asm-1
2022-09-06 14:05:21,179 INFO  ExportHelperExtension.cs: 1145 - Found 0 features of type [RefAxis] in Helios_电源盒_直头线（标准版）_asm-1
2022-09-06 14:05:21,179 INFO  ExportHelperExtension.cs: 1125 - Retrieving features of type [RefAxis] from M-LIMO-070023-E，nano外壳改 2022-05-07-1
2022-09-06 14:05:21,180 INFO  ExportHelperExtension.cs: 1136 - Found 51 in M-LIMO-070023-E，nano外壳改 2022-05-07-1
2022-09-06 14:05:21,180 INFO  ExportHelperExtension.cs: 1145 - Found 0 features of type [RefAxis] in M-LIMO-070023-E，nano外壳改 2022-05-07-1
2022-09-06 14:05:21,180 INFO  ExportHelperExtension.cs: 1125 - Retrieving features of type [RefAxis] from GL-AR750-1
2022-09-06 14:05:21,180 INFO  ExportHelperExtension.cs: 1136 - Found 43 in GL-AR750-1
2022-09-06 14:05:21,180 INFO  ExportHelperExtension.cs: 1145 - Found 0 features of type [RefAxis] in GL-AR750-1
2022-09-06 14:05:21,181 INFO  ExportHelperExtension.cs: 1125 - Retrieving features of type [RefAxis] from M-D024-250007-A-1
2022-09-06 14:05:21,181 INFO  ExportHelperExtension.cs: 1136 - Found 63 in M-D024-250007-A-1
2022-09-06 14:05:21,181 INFO  ExportHelperExtension.cs: 1145 - Found 0 features of type [RefAxis] in M-D024-250007-A-1
2022-09-06 14:05:21,181 INFO  ExportHelperExtension.cs: 1125 - Retrieving features of type [RefAxis] from M-D053-251003-A-1
2022-09-06 14:05:21,182 INFO  ExportHelperExtension.cs: 1136 - Found 47 in M-D053-251003-A-1
2022-09-06 14:05:21,182 INFO  ExportHelperExtension.cs: 1145 - Found 0 features of type [RefAxis] in M-D053-251003-A-1
2022-09-06 14:05:21,182 INFO  ExportHelperExtension.cs: 1125 - Retrieving features of type [RefAxis] from Leetop-AGX Xavier-1
2022-09-06 14:05:21,183 INFO  ExportHelperExtension.cs: 1136 - Found 38 in Leetop-AGX Xavier-1
2022-09-06 14:05:21,183 INFO  ExportHelperExtension.cs: 1145 - Found 0 features of type [RefAxis] in Leetop-AGX Xavier-1
2022-09-06 14:05:21,183 INFO  ExportHelperExtension.cs: 1125 - Retrieving features of type [RefAxis] from 大铝-6
2022-09-06 14:05:21,183 INFO  ExportHelperExtension.cs: 1136 - Found 42 in 大铝-6
2022-09-06 14:05:21,184 INFO  ExportHelperExtension.cs: 1145 - Found 0 features of type [RefAxis] in 大铝-6
2022-09-06 14:05:21,184 INFO  ExportHelperExtension.cs: 1125 - Retrieving features of type [RefAxis] from CH110_SHELL-1
2022-09-06 14:05:21,184 INFO  ExportHelperExtension.cs: 1136 - Found 36 in CH110_SHELL-1
2022-09-06 14:05:21,184 INFO  ExportHelperExtension.cs: 1145 - Found 0 features of type [RefAxis] in CH110_SHELL-1
2022-09-06 14:05:21,184 INFO  ExportHelperExtension.cs: 1125 - Retrieving features of type [RefAxis] from EAI-G4单线雷达USb转接板-1
2022-09-06 14:05:21,185 INFO  ExportHelperExtension.cs: 1136 - Found 38 in EAI-G4单线雷达USb转接板-1
2022-09-06 14:05:21,185 INFO  ExportHelperExtension.cs: 1145 - Found 0 features of type [RefAxis] in EAI-G4单线雷达USb转接板-1
2022-09-06 14:05:21,185 INFO  ExportHelperExtension.cs: 1125 - Retrieving features of type [RefAxis] from Helios_Lede_20220314(1)-1
2022-09-06 14:05:21,185 INFO  ExportHelperExtension.cs: 1136 - Found 39 in Helios_Lede_20220314(1)-1
2022-09-06 14:05:21,186 INFO  ExportHelperExtension.cs: 1145 - Found 0 features of type [RefAxis] in Helios_Lede_20220314(1)-1
2022-09-06 14:05:21,186 INFO  ExportHelperExtension.cs: 1125 - Retrieving features of type [RefAxis] from LEEP-2
2022-09-06 14:05:21,220 INFO  ExportHelperExtension.cs: 1136 - Found 1376 in LEEP-2
2022-09-06 14:05:21,222 INFO  ExportHelperExtension.cs: 1145 - Found 0 features of type [RefAxis] in LEEP-2
2022-09-06 14:05:21,223 INFO  ExportHelperExtension.cs: 1125 - Retrieving features of type [RefAxis] from M-D024-250006-B-1
2022-09-06 14:05:21,223 INFO  ExportHelperExtension.cs: 1136 - Found 92 in M-D024-250006-B-1
2022-09-06 14:05:21,224 INFO  ExportHelperExtension.cs: 1145 - Found 0 features of type [RefAxis] in M-D024-250006-B-1
2022-09-06 14:05:21,224 INFO  ExportHelperExtension.cs: 1125 - Retrieving features of type [RefAxis] from USB HUB -7口-1
2022-09-06 14:05:21,225 INFO  ExportHelperExtension.cs: 1136 - Found 42 in USB HUB -7口-1
2022-09-06 14:05:21,225 INFO  ExportHelperExtension.cs: 1145 - Found 0 features of type [RefAxis] in USB HUB -7口-1
2022-09-06 14:05:21,226 INFO  ExportHelperExtension.cs: 1125 - Retrieving features of type [RefAxis] from 86-0101 REV B ENVELOPE, VLP-16-1
2022-09-06 14:05:21,226 INFO  ExportHelperExtension.cs: 1136 - Found 33 in 86-0101 REV B ENVELOPE, VLP-16-1
2022-09-06 14:05:21,226 INFO  ExportHelperExtension.cs: 1145 - Found 0 features of type [RefAxis] in 86-0101 REV B ENVELOPE, VLP-16-1
2022-09-06 14:05:21,227 INFO  ExportHelperExtension.cs: 1125 - Retrieving features of type [RefAxis] from M-D024-180003-A-1
2022-09-06 14:05:21,227 INFO  ExportHelperExtension.cs: 1136 - Found 61 in M-D024-180003-A-1
2022-09-06 14:05:21,227 INFO  ExportHelperExtension.cs: 1145 - Found 0 features of type [RefAxis] in M-D024-180003-A-1
2022-09-06 14:05:21,228 INFO  ExportHelperExtension.cs: 1125 - Retrieving features of type [RefAxis] from M-D024-250010-A-1
2022-09-06 14:05:21,228 INFO  ExportHelperExtension.cs: 1136 - Found 193 in M-D024-250010-A-1
2022-09-06 14:05:21,229 INFO  ExportHelperExtension.cs: 1145 - Found 0 features of type [RefAxis] in M-D024-250010-A-1
2022-09-06 14:05:21,229 INFO  ExportHelperExtension.cs: 1125 - Retrieving features of type [RefAxis] from M-D024-250011-A-1
2022-09-06 14:05:21,229 INFO  ExportHelperExtension.cs: 1136 - Found 145 in M-D024-250011-A-1
2022-09-06 14:05:21,230 INFO  ExportHelperExtension.cs: 1145 - Found 0 features of type [RefAxis] in M-D024-250011-A-1
2022-09-06 14:05:21,230 INFO  ExportHelperExtension.cs: 1125 - Retrieving features of type [RefAxis] from 显示屏-1
2022-09-06 14:05:21,230 INFO  ExportHelperExtension.cs: 1136 - Found 41 in 显示屏-1
2022-09-06 14:05:21,230 INFO  ExportHelperExtension.cs: 1145 - Found 0 features of type [RefAxis] in 显示屏-1
2022-09-06 14:05:21,231 INFO  ExportHelperExtension.cs: 1125 - Retrieving features of type [RefAxis] from USB HUB -7口-2
2022-09-06 14:05:21,231 INFO  ExportHelperExtension.cs: 1136 - Found 42 in USB HUB -7口-2
2022-09-06 14:05:21,231 INFO  ExportHelperExtension.cs: 1145 - Found 0 features of type [RefAxis] in USB HUB -7口-2
2022-09-06 14:05:21,231 INFO  ExportHelperExtension.cs: 1125 - Retrieving features of type [RefAxis] from M-D024-180002-A-2
2022-09-06 14:05:21,232 INFO  ExportHelperExtension.cs: 1136 - Found 54 in M-D024-180002-A-2
2022-09-06 14:05:21,232 INFO  ExportHelperExtension.cs: 1145 - Found 0 features of type [RefAxis] in M-D024-180002-A-2
2022-09-06 14:05:21,232 INFO  ExportHelperExtension.cs: 1125 - Retrieving features of type [RefAxis] from M-D024-180002-A-1
2022-09-06 14:05:21,233 INFO  ExportHelperExtension.cs: 1136 - Found 54 in M-D024-180002-A-1
2022-09-06 14:05:21,233 INFO  ExportHelperExtension.cs: 1145 - Found 0 features of type [RefAxis] in M-D024-180002-A-1
2022-09-06 14:05:21,233 INFO  ExportHelperExtension.cs: 1125 - Retrieving features of type [RefAxis] from nano工控机外壳-1
2022-09-06 14:05:21,234 INFO  ExportHelperExtension.cs: 1136 - Found 23 in nano工控机外壳-1
2022-09-06 14:05:21,234 INFO  ExportHelperExtension.cs: 1145 - Found 0 features of type [RefAxis] in nano工控机外壳-1
2022-09-06 14:05:21,234 INFO  ExportHelperExtension.cs: 1125 - Retrieving features of type [RefAxis] from Intel D435i-1
2022-09-06 14:05:21,234 INFO  ExportHelperExtension.cs: 1136 - Found 65 in Intel D435i-1
2022-09-06 14:05:21,235 INFO  ExportHelperExtension.cs: 1145 - Found 0 features of type [RefAxis] in Intel D435i-1
2022-09-06 14:05:21,235 INFO  ExportHelperExtension.cs: 1125 - Retrieving features of type [RefAxis] from SCOUTmini教育套装-1
2022-09-06 14:05:21,235 INFO  ExportHelperExtension.cs: 1136 - Found 179 in SCOUTmini教育套装-1
2022-09-06 14:05:21,236 INFO  ExportHelperExtension.cs: 1145 - Found 0 features of type [RefAxis] in SCOUTmini教育套装-1
2022-09-06 14:05:21,236 INFO  ExportHelperExtension.cs: 1125 - Retrieving features of type [RefAxis] from 六方柱-1
2022-09-06 14:05:21,236 INFO  ExportHelperExtension.cs: 1136 - Found 27 in 六方柱-1
2022-09-06 14:05:21,236 INFO  ExportHelperExtension.cs: 1145 - Found 0 features of type [RefAxis] in 六方柱-1
2022-09-06 14:05:21,237 INFO  ExportHelperExtension.cs: 1125 - Retrieving features of type [RefAxis] from M-D024-250009-A-1
2022-09-06 14:05:21,237 INFO  ExportHelperExtension.cs: 1136 - Found 143 in M-D024-250009-A-1
2022-09-06 14:05:21,237 INFO  ExportHelperExtension.cs: 1145 - Found 0 features of type [RefAxis] in M-D024-250009-A-1
2022-09-06 14:05:21,285 INFO  ExportPropertyManager.cs: 1142 - AfterClose called. This method no longer throws an Exception. It just silently does nothing. Ok, except for this logging message
2022-09-06 14:07:13,130 INFO  AssemblyExportForm.cs: 253 - Completing URDF export
2022-09-06 14:07:13,134 INFO  ConfigurationSerialization.cs: 276 - URDF Configuration found
<Link z:Id="i1" xmlns="http://schemas.datacontract.org/2004/07/SW2URDF" xmlns:i="http://www.w3.org/2001/XMLSchema-instance" xmlns:z="http://schemas.microsoft.com/2003/10/Serialization/"><Attributes><Attribute z:Id="i2"><AttributeType>name</AttributeType><IsRequired>true</IsRequired><Value i:type="a:string" xmlns:a="http://www.w3.org/2001/XMLSchema">base_link</Value></Attribute></Attributes><ChildElements><URDFElement z:Id="i3" i:type="Inertial"><Attributes/><ChildElements><URDFElement z:Id="i4" i:type="Origin"><Attributes><Attribute z:Id="i5"><AttributeType>xyz</AttributeType><IsRequired>true</IsRequired><Value i:type="a:ArrayOfdouble" xmlns:a="http://schemas.microsoft.com/2003/10/Serialization/Arrays"><a:double>0</a:double><a:double>0</a:double><a:double>0</a:double></Value></Attribute><Attribute z:Id="i6"><AttributeType>rpy</AttributeType><IsRequired>true</IsRequired><Value i:type="a:ArrayOfdouble" xmlns:a="http://schemas.microsoft.com/2003/10/Serialization/Arrays"><a:double>0</a:double><a:double>0</a:double><a:double>0</a:double></Value></Attribute></Attributes><ChildElements/><ElementName>origin</ElementName><required>false</required><RPYAttribute z:Ref="i6"/><XYZAttribute z:Ref="i5"/><isCustomized>false</isCustomized></URDFElement><URDFElement z:Id="i7" i:type="Mass"><Attributes><Attribute z:Id="i8"><AttributeType>value</AttributeType><IsRequired>true</IsRequired><Value i:type="a:double" xmlns:a="http://www.w3.org/2001/XMLSchema">0</Value></Attribute></Attributes><ChildElements/><ElementName>mass</ElementName><required>false</required><ValueAttribute z:Ref="i8"/></URDFElement><URDFElement z:Id="i9" i:type="Inertia"><Attributes><Attribute z:Id="i10"><AttributeType>ixx</AttributeType><IsRequired>true</IsRequired><Value i:type="a:double" xmlns:a="http://www.w3.org/2001/XMLSchema">0</Value></Attribute><Attribute z:Id="i11"><AttributeType>ixy</AttributeType><IsRequired>true</IsRequired><Value i:type="a:double" xmlns:a="http://www.w3.org/2001/XMLSchema">0</Value></Attribute><Attribute z:Id="i12"><AttributeType>ixz</AttributeType><IsRequired>true</IsRequired><Value i:type="a:double" xmlns:a="http://www.w3.org/2001/XMLSchema">0</Value></Attribute><Attribute z:Id="i13"><AttributeType>iyy</AttributeType><IsRequired>true</IsRequired><Value i:type="a:double" xmlns:a="http://www.w3.org/2001/XMLSchema">0</Value></Attribute><Attribute z:Id="i14"><AttributeType>iyz</AttributeType><IsRequired>true</IsRequired><Value i:type="a:double" xmlns:a="http://www.w3.org/2001/XMLSchema">0</Value></Attribute><Attribute z:Id="i15"><AttributeType>izz</AttributeType><IsRequired>true</IsRequired><Value i:type="a:double" xmlns:a="http://www.w3.org/2001/XMLSchema">0</Value></Attribute></Attributes><ChildElements/><ElementName>inertia</ElementName><required>false</required><IxxAttribute z:Ref="i10"/><IxyAttribute z:Ref="i11"/><IxzAttribute z:Ref="i12"/><IyyAttribute z:Ref="i13"/><IyzAttribute z:Ref="i14"/><IzzAttribute z:Ref="i15"/></URDFElement></ChildElements><ElementName>inertial</ElementName><required>false</required><Inertia z:Ref="i9"/><Mass z:Ref="i7"/><Origin z:Ref="i4"/></URDFElement><URDFElement z:Id="i16" i:type="Visual"><Attributes/><ChildElements><URDFElement z:Id="i17" i:type="Origin"><Attributes><Attribute z:Id="i18"><AttributeType>xyz</AttributeType><IsRequired>true</IsRequired><Value i:type="a:ArrayOfdouble" xmlns:a="http://schemas.microsoft.com/2003/10/Serialization/Arrays"><a:double>0</a:double><a:double>0</a:double><a:double>0</a:double></Value></Attribute><Attribute z:Id="i19"><AttributeType>rpy</AttributeType><IsRequired>true</IsRequired><Value i:type="a:ArrayOfdouble" xmlns:a="http://schemas.microsoft.com/2003/10/Serialization/Arrays"><a:double>0</a:double><a:double>0</a:double><a:double>0</a:double></Value></Attribute></Attributes><ChildElements/><ElementName>origin</ElementName><required>false</required><RPYAttribute z:Ref="i19"/><XYZAttribute z:Ref="i18"/><isCustomized>false</isCustomized></URDFElement><URDFElement z:Id="i20" i:type="Geometry"><Attributes/><ChildElements><URDFElement z:Id="i21" i:type="Mesh"><Attributes><Attribute z:Id="i22"><AttributeType>filename</AttributeType><IsRequired>true</IsRequired><Value i:nil="true"/></Attribute></Attributes><ChildElements/><ElementName>mesh</ElementName><required>false</required><FilenameAttribute z:Ref="i22"/></URDFElement></ChildElements><ElementName>geometry</ElementName><required>true</required><Mesh z:Ref="i21"/></URDFElement><URDFElement z:Id="i23" i:type="Material"><Attributes><Attribute z:Id="i24"><AttributeType>name</AttributeType><IsRequired>true</IsRequired><Value i:type="a:string" xmlns:a="http://www.w3.org/2001/XMLSchema"/></Attribute></Attributes><ChildElements><URDFElement z:Id="i25" i:type="Color"><Attributes><Attribute z:Id="i26"><AttributeType>rgba</AttributeType><IsRequired>true</IsRequired><Value i:type="a:ArrayOfdouble" xmlns:a="http://schemas.microsoft.com/2003/10/Serialization/Arrays"><a:double>1</a:double><a:double>1</a:double><a:double>1</a:double><a:double>1</a:double></Value></Attribute></Attributes><ChildElements/><ElementName>color</ElementName><required>false</required><RGBAAttribute z:Ref="i26"/></URDFElement><URDFElement z:Id="i27" i:type="Texture"><Attributes><Attribute z:Id="i28"><AttributeType>filename</AttributeType><IsRequired>true</IsRequired><Value i:nil="true"/></Attribute></Attributes><ChildElements/><ElementName>texture</ElementName><required>false</required><FilenameAttribute z:Ref="i28"/><wFilename/></URDFElement></ChildElements><ElementName>material</ElementName><required>false</required><Color z:Ref="i25"/><NameAttribute z:Ref="i24"/><Texture z:Ref="i27"/></URDFElement></ChildElements><ElementName>visual</ElementName><required>false</required><Geometry z:Ref="i20"/><Material z:Ref="i23"/><Origin z:Ref="i17"/></URDFElement><URDFElement z:Id="i29" i:type="Collision"><Attributes/><ChildElements><URDFElement z:Id="i30" i:type="Origin"><Attributes><Attribute z:Id="i31"><AttributeType>xyz</AttributeType><IsRequired>true</IsRequired><Value i:type="a:ArrayOfdouble" xmlns:a="http://schemas.microsoft.com/2003/10/Serialization/Arrays"><a:double>0</a:double><a:double>0</a:double><a:double>0</a:double></Value></Attribute><Attribute z:Id="i32"><AttributeType>rpy</AttributeType><IsRequired>true</IsRequired><Value i:type="a:ArrayOfdouble" xmlns:a="http://schemas.microsoft.com/2003/10/Serialization/Arrays"><a:double>0</a:double><a:double>0</a:double><a:double>0</a:double></Value></Attribute></Attributes><ChildElements/><ElementName>origin</ElementName><required>false</required><RPYAttribute z:Ref="i32"/><XYZAttribute z:Ref="i31"/><isCustomized>false</isCustomized></URDFElement><URDFElement z:Id="i33" i:type="Geometry"><Attributes/><ChildElements><URDFElement z:Id="i34" i:type="Mesh"><Attributes><Attribute z:Id="i35"><AttributeType>filename</AttributeType><IsRequired>true</IsRequired><Value i:nil="true"/></Attribute></Attributes><ChildElements/><ElementName>mesh</ElementName><required>false</required><FilenameAttribute z:Ref="i35"/></URDFElement></ChildElements><ElementName>geometry</ElementName><required>true</required><Mesh z:Ref="i34"/></URDFElement></ChildElements><ElementName>collision</ElementName><required>false</required><Geometry z:Ref="i33"/><Origin z:Ref="i30"/></URDFElement><URDFElement z:Id="i36" i:type="Joint"><Attributes><Attribute z:Id="i37"><AttributeType>name</AttributeType><IsRequired>true</IsRequired><Value i:type="a:string" xmlns:a="http://www.w3.org/2001/XMLSchema"/></Attribute><Attribute z:Id="i38"><AttributeType>type</AttributeType><IsRequired>true</IsRequired><Value i:type="a:string" xmlns:a="http://www.w3.org/2001/XMLSchema"/></Attribute></Attributes><ChildElements><URDFElement z:Id="i39" i:type="Origin"><Attributes><Attribute z:Id="i40"><AttributeType>xyz</AttributeType><IsRequired>true</IsRequired><Value i:type="a:ArrayOfdouble" xmlns:a="http://schemas.microsoft.com/2003/10/Serialization/Arrays"><a:double>0</a:double><a:double>0</a:double><a:double>0</a:double></Value></Attribute><Attribute z:Id="i41"><AttributeType>rpy</AttributeType><IsRequired>true</IsRequired><Value i:type="a:ArrayOfdouble" xmlns:a="http://schemas.microsoft.com/2003/10/Serialization/Arrays"><a:double>0</a:double><a:double>0</a:double><a:double>0</a:double></Value></Attribute></Attributes><ChildElements/><ElementName>origin</ElementName><required>false</required><RPYAttribute z:Ref="i41"/><XYZAttribute z:Ref="i40"/><isCustomized>false</isCustomized></URDFElement><URDFElement z:Id="i42" i:type="ParentLink"><Attributes><Attribute z:Id="i43"><AttributeType>link</AttributeType><IsRequired>true</IsRequired><Value i:type="a:string" xmlns:a="http://www.w3.org/2001/XMLSchema"/></Attribute></Attributes><ChildElements/><ElementName>parent</ElementName><required>true</required><NameAttribute z:Ref="i43"/></URDFElement><URDFElement z:Id="i44" i:type="ChildLink"><Attributes><Attribute z:Id="i45"><AttributeType>link</AttributeType><IsRequired>true</IsRequired><Value i:type="a:string" xmlns:a="http://www.w3.org/2001/XMLSchema"/></Attribute></Attributes><ChildElements/><ElementName>child</ElementName><required>true</required><NameAttribute z:Ref="i45"/></URDFElement><URDFElement z:Id="i46" i:type="Axis"><Attributes><Attribute z:Id="i47"><AttributeType>xyz</AttributeType><IsRequired>true</IsRequired><Value i:type="a:ArrayOfdouble" xmlns:a="http://schemas.microsoft.com/2003/10/Serialization/Arrays"><a:double>0</a:double><a:double>0</a:double><a:double>0</a:double></Value></Attribute></Attributes><ChildElements/><ElementName>axis</ElementName><required>false</required><XYZAttribute z:Ref="i47"/></URDFElement><URDFElement z:Id="i48" i:type="Limit"><Attributes><Attribute z:Id="i49"><AttributeType>lower</AttributeType><IsRequired>false</IsRequired><Value i:nil="true"/></Attribute><Attribute z:Id="i50"><AttributeType>upper</AttributeType><IsRequired>false</IsRequired><Value i:nil="true"/></Attribute><Attribute z:Id="i51"><AttributeType>effort</AttributeType><IsRequired>true</IsRequired><Value i:nil="true"/></Attribute><Attribute z:Id="i52"><AttributeType>velocity</AttributeType><IsRequired>true</IsRequired><Value i:nil="true"/></Attribute></Attributes><ChildElements/><ElementName>limit</ElementName><required>false</required><EffortAttribute z:Ref="i51"/><LowerAttribute z:Ref="i49"/><UpperAttribute z:Ref="i50"/><VelocityAttribute z:Ref="i52"/></URDFElement><URDFElement z:Id="i53" i:type="Calibration"><Attributes><Attribute z:Id="i54"><AttributeType>rising</AttributeType><IsRequired>false</IsRequired><Value i:nil="true"/></Attribute><Attribute z:Id="i55"><AttributeType>falling</AttributeType><IsRequired>false</IsRequired><Value i:nil="true"/></Attribute></Attributes><ChildElements/><ElementName>calibration</ElementName><required>false</required><FallingAttribute z:Ref="i55"/><RisingAttribute z:Ref="i54"/></URDFElement><URDFElement z:Id="i56" i:type="Dynamics"><Attributes><Attribute z:Id="i57"><AttributeType>damping</AttributeType><IsRequired>false</IsRequired><Value i:nil="true"/></Attribute><Attribute z:Id="i58"><AttributeType>friction</AttributeType><IsRequired>false</IsRequired><Value i:nil="true"/></Attribute></Attributes><ChildElements/><ElementName>dynamics</ElementName><required>false</required><DampingAttribute z:Ref="i57"/><FrictionAttribute z:Ref="i58"/></URDFElement><URDFElement z:Id="i59" i:type="SafetyController"><Attributes><Attribute z:Id="i60"><AttributeType>soft_upper_limit</AttributeType><IsRequired>false</IsRequired><Value i:nil="true"/></Attribute><Attribute z:Id="i61"><AttributeType>soft_lower_limit</AttributeType><IsRequired>false</IsRequired><Value i:nil="true"/></Attribute><Attribute z:Id="i62"><AttributeType>k_position</AttributeType><IsRequired>false</IsRequired><Value i:nil="true"/></Attribute><Attribute z:Id="i63"><AttributeType>k_velocity</AttributeType><IsRequired>true</IsRequired><Value i:nil="true"/></Attribute></Attributes><ChildElements/><ElementName>safety_controller</ElementName><required>false</required><KPositionAttribute z:Ref="i62"/><KVelocityAttribute z:Ref="i63"/><SoftLowerAttribute z:Ref="i61"/><SoftUpperAttribute z:Ref="i60"/></URDFElement><URDFElement z:Id="i64" i:type="Mimic"><Attributes><Attribute z:Id="i65"><AttributeType>joint</AttributeType><IsRequired>true</IsRequired><Value i:nil="true"/></Attribute><Attribute z:Id="i66"><AttributeType>multiplier</AttributeType><IsRequired>false</IsRequired><Value i:nil="true"/></Attribute><Attribute z:Id="i67"><AttributeType>offset</AttributeType><IsRequired>false</IsRequired><Value i:nil="true"/></Attribute></Attributes><ChildElements/><ElementName>mimic</ElementName><required>false</required><JointNameAttribute z:Ref="i65"/><MultiplierAttribute z:Ref="i66"/><OffsetAttribute z:Ref="i67"/></URDFElement></ChildElements><ElementName>joint</ElementName><required>false</required><Axis z:Ref="i46"/><AxisName/><Calibration z:Ref="i53"/><Child z:Ref="i44"/><CoordinateSystemName>?????????1</CoordinateSystemName><Dynamics z:Ref="i56"/><Limit z:Ref="i48"/><Mimic z:Ref="i64"/><NameAttribute z:Ref="i37"/><Origin z:Ref="i39"/><Parent z:Ref="i42"/><Safety z:Ref="i59"/><TypeAttribute z:Ref="i38"/></URDFElement></ChildElements><ElementName>link</ElementName><required>true</required><Children><Link z:Id="i68"><Attributes><Attribute z:Id="i69"><AttributeType>name</AttributeType><IsRequired>true</IsRequired><Value i:type="a:string" xmlns:a="http://www.w3.org/2001/XMLSchema">box_link</Value></Attribute></Attributes><ChildElements><URDFElement z:Id="i70" i:type="Inertial"><Attributes/><ChildElements><URDFElement z:Id="i71" i:type="Origin"><Attributes><Attribute z:Id="i72"><AttributeType>xyz</AttributeType><IsRequired>true</IsRequired><Value i:type="a:ArrayOfdouble" xmlns:a="http://schemas.microsoft.com/2003/10/Serialization/Arrays"><a:double>0</a:double><a:double>0</a:double><a:double>0</a:double></Value></Attribute><Attribute z:Id="i73"><AttributeType>rpy</AttributeType><IsRequired>true</IsRequired><Value i:type="a:ArrayOfdouble" xmlns:a="http://schemas.microsoft.com/2003/10/Serialization/Arrays"><a:double>0</a:double><a:double>0</a:double><a:double>0</a:double></Value></Attribute></Attributes><ChildElements/><ElementName>origin</ElementName><required>false</required><RPYAttribute z:Ref="i73"/><XYZAttribute z:Ref="i72"/><isCustomized>false</isCustomized></URDFElement><URDFElement z:Id="i74" i:type="Mass"><Attributes><Attribute z:Id="i75"><AttributeType>value</AttributeType><IsRequired>true</IsRequired><Value i:type="a:double" xmlns:a="http://www.w3.org/2001/XMLSchema">0</Value></Attribute></Attributes><ChildElements/><ElementName>mass</ElementName><required>false</required><ValueAttribute z:Ref="i75"/></URDFElement><URDFElement z:Id="i76" i:type="Inertia"><Attributes><Attribute z:Id="i77"><AttributeType>ixx</AttributeType><IsRequired>true</IsRequired><Value i:type="a:double" xmlns:a="http://www.w3.org/2001/XMLSchema">0</Value></Attribute><Attribute z:Id="i78"><AttributeType>ixy</AttributeType><IsRequired>true</IsRequired><Value i:type="a:double" xmlns:a="http://www.w3.org/2001/XMLSchema">0</Value></Attribute><Attribute z:Id="i79"><AttributeType>ixz</AttributeType><IsRequired>true</IsRequired><Value i:type="a:double" xmlns:a="http://www.w3.org/2001/XMLSchema">0</Value></Attribute><Attribute z:Id="i80"><AttributeType>iyy</AttributeType><IsRequired>true</IsRequired><Value i:type="a:double" xmlns:a="http://www.w3.org/2001/XMLSchema">0</Value></Attribute><Attribute z:Id="i81"><AttributeType>iyz</AttributeType><IsRequired>true</IsRequired><Value i:type="a:double" xmlns:a="http://www.w3.org/2001/XMLSchema">0</Value></Attribute><Attribute z:Id="i82"><AttributeType>izz</AttributeType><IsRequired>true</IsRequired><Value i:type="a:double" xmlns:a="http://www.w3.org/2001/XMLSchema">0</Value></Attribute></Attributes><ChildElements/><ElementName>inertia</ElementName><required>false</required><IxxAttribute z:Ref="i77"/><IxyAttribute z:Ref="i78"/><IxzAttribute z:Ref="i79"/><IyyAttribute z:Ref="i80"/><IyzAttribute z:Ref="i81"/><IzzAttribute z:Ref="i82"/></URDFElement></ChildElements><ElementName>inertial</ElementName><required>false</required><Inertia z:Ref="i76"/><Mass z:Ref="i74"/><Origin z:Ref="i71"/></URDFElement><URDFElement z:Id="i83" i:type="Visual"><Attributes/><ChildElements><URDFElement z:Id="i84" i:type="Origin"><Attributes><Attribute z:Id="i85"><AttributeType>xyz</AttributeType><IsRequired>true</IsRequired><Value i:type="a:ArrayOfdouble" xmlns:a="http://schemas.microsoft.com/2003/10/Serialization/Arrays"><a:double>0</a:double><a:double>0</a:double><a:double>0</a:double></Value></Attribute><Attribute z:Id="i86"><AttributeType>rpy</AttributeType><IsRequired>true</IsRequired><Value i:type="a:ArrayOfdouble" xmlns:a="http://schemas.microsoft.com/2003/10/Serialization/Arrays"><a:double>0</a:double><a:double>0</a:double><a:double>0</a:double></Value></Attribute></Attributes><ChildElements/><ElementName>origin</ElementName><required>false</required><RPYAttribute z:Ref="i86"/><XYZAttribute z:Ref="i85"/><isCustomized>false</isCustomized></URDFElement><URDFElement z:Id="i87" i:type="Geometry"><Attributes/><ChildElements><URDFElement z:Id="i88" i:type="Mesh"><Attributes><Attribute z:Id="i89"><AttributeType>filename</AttributeType><IsRequired>true</IsRequired><Value i:nil="true"/></Attribute></Attributes><ChildElements/><ElementName>mesh</ElementName><required>false</required><FilenameAttribute z:Ref="i89"/></URDFElement></ChildElements><ElementName>geometry</ElementName><required>true</required><Mesh z:Ref="i88"/></URDFElement><URDFElement z:Id="i90" i:type="Material"><Attributes><Attribute z:Id="i91"><AttributeType>name</AttributeType><IsRequired>true</IsRequired><Value i:type="a:string" xmlns:a="http://www.w3.org/2001/XMLSchema"/></Attribute></Attributes><ChildElements><URDFElement z:Id="i92" i:type="Color"><Attributes><Attribute z:Id="i93"><AttributeType>rgba</AttributeType><IsRequired>true</IsRequired><Value i:type="a:ArrayOfdouble" xmlns:a="http://schemas.microsoft.com/2003/10/Serialization/Arrays"><a:double>1</a:double><a:double>1</a:double><a:double>1</a:double><a:double>1</a:double></Value></Attribute></Attributes><ChildElements/><ElementName>color</ElementName><required>false</required><RGBAAttribute z:Ref="i93"/></URDFElement><URDFElement z:Id="i94" i:type="Texture"><Attributes><Attribute z:Id="i95"><AttributeType>filename</AttributeType><IsRequired>true</IsRequired><Value i:nil="true"/></Attribute></Attributes><ChildElements/><ElementName>texture</ElementName><required>false</required><FilenameAttribute z:Ref="i95"/><wFilename/></URDFElement></ChildElements><ElementName>material</ElementName><required>false</required><Color z:Ref="i92"/><NameAttribute z:Ref="i91"/><Texture z:Ref="i94"/></URDFElement></ChildElements><ElementName>visual</ElementName><required>false</required><Geometry z:Ref="i87"/><Material z:Ref="i90"/><Origin z:Ref="i84"/></URDFElement><URDFElement z:Id="i96" i:type="Collision"><Attributes/><ChildElements><URDFElement z:Id="i97" i:type="Origin"><Attributes><Attribute z:Id="i98"><AttributeType>xyz</AttributeType><IsRequired>true</IsRequired><Value i:type="a:ArrayOfdouble" xmlns:a="http://schemas.microsoft.com/2003/10/Serialization/Arrays"><a:double>0</a:double><a:double>0</a:double><a:double>0</a:double></Value></Attribute><Attribute z:Id="i99"><AttributeType>rpy</AttributeType><IsRequired>true</IsRequired><Value i:type="a:ArrayOfdouble" xmlns:a="http://schemas.microsoft.com/2003/10/Serialization/Arrays"><a:double>0</a:double><a:double>0</a:double><a:double>0</a:double></Value></Attribute></Attributes><ChildElements/><ElementName>origin</ElementName><required>false</required><RPYAttribute z:Ref="i99"/><XYZAttribute z:Ref="i98"/><isCustomized>false</isCustomized></URDFElement><URDFElement z:Id="i100" i:type="Geometry"><Attributes/><ChildElements><URDFElement z:Id="i101" i:type="Mesh"><Attributes><Attribute z:Id="i102"><AttributeType>filename</AttributeType><IsRequired>true</IsRequired><Value i:nil="true"/></Attribute></Attributes><ChildElements/><ElementName>mesh</ElementName><required>false</required><FilenameAttribute z:Ref="i102"/></URDFElement></ChildElements><ElementName>geometry</ElementName><required>true</required><Mesh z:Ref="i101"/></URDFElement></ChildElements><ElementName>collision</ElementName><required>false</required><Geometry z:Ref="i100"/><Origin z:Ref="i97"/></URDFElement><URDFElement z:Id="i103" i:type="Joint"><Attributes><Attribute z:Id="i104"><AttributeType>name</AttributeType><IsRequired>true</IsRequired><Value i:type="a:string" xmlns:a="http://www.w3.org/2001/XMLSchema">box_joint</Value></Attribute><Attribute z:Id="i105"><AttributeType>type</AttributeType><IsRequired>true</IsRequired><Value i:type="a:string" xmlns:a="http://www.w3.org/2001/XMLSchema">continuous</Value></Attribute></Attributes><ChildElements><URDFElement z:Id="i106" i:type="Origin"><Attributes><Attribute z:Id="i107"><AttributeType>xyz</AttributeType><IsRequired>true</IsRequired><Value i:type="a:ArrayOfdouble" xmlns:a="http://schemas.microsoft.com/2003/10/Serialization/Arrays"><a:double>0</a:double><a:double>0</a:double><a:double>0</a:double></Value></Attribute><Attribute z:Id="i108"><AttributeType>rpy</AttributeType><IsRequired>true</IsRequired><Value i:type="a:ArrayOfdouble" xmlns:a="http://schemas.microsoft.com/2003/10/Serialization/Arrays"><a:double>0</a:double><a:double>0</a:double><a:double>0</a:double></Value></Attribute></Attributes><ChildElements/><ElementName>origin</ElementName><required>false</required><RPYAttribute z:Ref="i108"/><XYZAttribute z:Ref="i107"/><isCustomized>false</isCustomized></URDFElement><URDFElement z:Id="i109" i:type="ParentLink"><Attributes><Attribute z:Id="i110"><AttributeType>link</AttributeType><IsRequired>true</IsRequired><Value i:type="a:string" xmlns:a="http://www.w3.org/2001/XMLSchema"/></Attribute></Attributes><ChildElements/><ElementName>parent</ElementName><required>true</required><NameAttribute z:Ref="i110"/></URDFElement><URDFElement z:Id="i111" i:type="ChildLink"><Attributes><Attribute z:Id="i112"><AttributeType>link</AttributeType><IsRequired>true</IsRequired><Value i:type="a:string" xmlns:a="http://www.w3.org/2001/XMLSchema"/></Attribute></Attributes><ChildElements/><ElementName>child</ElementName><required>true</required><NameAttribute z:Ref="i112"/></URDFElement><URDFElement z:Id="i113" i:type="Axis"><Attributes><Attribute z:Id="i114"><AttributeType>xyz</AttributeType><IsRequired>true</IsRequired><Value i:type="a:ArrayOfdouble" xmlns:a="http://schemas.microsoft.com/2003/10/Serialization/Arrays"><a:double>0</a:double><a:double>0</a:double><a:double>0</a:double></Value></Attribute></Attributes><ChildElements/><ElementName>axis</ElementName><required>false</required><XYZAttribute z:Ref="i114"/></URDFElement><URDFElement z:Id="i115" i:type="Limit"><Attributes><Attribute z:Id="i116"><AttributeType>lower</AttributeType><IsRequired>false</IsRequired><Value i:nil="true"/></Attribute><Attribute z:Id="i117"><AttributeType>upper</AttributeType><IsRequired>false</IsRequired><Value i:nil="true"/></Attribute><Attribute z:Id="i118"><AttributeType>effort</AttributeType><IsRequired>true</IsRequired><Value i:nil="true"/></Attribute><Attribute z:Id="i119"><AttributeType>velocity</AttributeType><IsRequired>true</IsRequired><Value i:nil="true"/></Attribute></Attributes><ChildElements/><ElementName>limit</ElementName><required>false</required><EffortAttribute z:Ref="i118"/><LowerAttribute z:Ref="i116"/><UpperAttribute z:Ref="i117"/><VelocityAttribute z:Ref="i119"/></URDFElement><URDFElement z:Id="i120" i:type="Calibration"><Attributes><Attribute z:Id="i121"><AttributeType>rising</AttributeType><IsRequired>false</IsRequired><Value i:nil="true"/></Attribute><Attribute z:Id="i122"><AttributeType>falling</AttributeType><IsRequired>false</IsRequired><Value i:nil="true"/></Attribute></Attributes><ChildElements/><ElementName>calibration</ElementName><required>false</required><FallingAttribute z:Ref="i122"/><RisingAttribute z:Ref="i121"/></URDFElement><URDFElement z:Id="i123" i:type="Dynamics"><Attributes><Attribute z:Id="i124"><AttributeType>damping</AttributeType><IsRequired>false</IsRequired><Value i:nil="true"/></Attribute><Attribute z:Id="i125"><AttributeType>friction</AttributeType><IsRequired>false</IsRequired><Value i:nil="true"/></Attribute></Attributes><ChildElements/><ElementName>dynamics</ElementName><required>false</required><DampingAttribute z:Ref="i124"/><FrictionAttribute z:Ref="i125"/></URDFElement><URDFElement z:Id="i126" i:type="SafetyController"><Attributes><Attribute z:Id="i127"><AttributeType>soft_upper_limit</AttributeType><IsRequired>false</IsRequired><Value i:nil="true"/></Attribute><Attribute z:Id="i128"><AttributeType>soft_lower_limit</AttributeType><IsRequired>false</IsRequired><Value i:nil="true"/></Attribute><Attribute z:Id="i129"><AttributeType>k_position</AttributeType><IsRequired>false</IsRequired><Value i:nil="true"/></Attribute><Attribute z:Id="i130"><AttributeType>k_velocity</AttributeType><IsRequired>true</IsRequired><Value i:nil="true"/></Attribute></Attributes><ChildElements/><ElementName>safety_controller</ElementName><required>false</required><KPositionAttribute z:Ref="i129"/><KVelocityAttribute z:Ref="i130"/><SoftLowerAttribute z:Ref="i128"/><SoftUpperAttribute z:Ref="i127"/></URDFElement><URDFElement z:Id="i131" i:type="Mimic"><Attributes><Attribute z:Id="i132"><AttributeType>joint</AttributeType><IsRequired>true</IsRequired><Value i:nil="true"/></Attribute><Attribute z:Id="i133"><AttributeType>multiplier</AttributeType><IsRequired>false</IsRequired><Value i:nil="true"/></Attribute><Attribute z:Id="i134"><AttributeType>offset</AttributeType><IsRequired>false</IsRequired><Value i:nil="true"/></Attribute></Attributes><ChildElements/><ElementName>mimic</ElementName><required>false</required><JointNameAttribute z:Ref="i132"/><MultiplierAttribute z:Ref="i133"/><OffsetAttribute z:Ref="i134"/></URDFElement></ChildElements><ElementName>joint</ElementName><required>false</required><Axis z:Ref="i113"/><AxisName>Automatically Generate</AxisName><Calibration z:Ref="i120"/><Child z:Ref="i111"/><CoordinateSystemName>?????????1</CoordinateSystemName><Dynamics z:Ref="i123"/><Limit z:Ref="i115"/><Mimic z:Ref="i131"/><NameAttribute z:Ref="i104"/><Origin z:Ref="i106"/><Parent z:Ref="i109"/><Safety z:Ref="i126"/><TypeAttribute z:Ref="i105"/></URDFElement></ChildElements><ElementName>link</ElementName><required>true</required><Children/><Collision z:Ref="i96"/><Inertial z:Ref="i70"/><Joint z:Ref="i103"/><NameAttribute z:Ref="i69"/><Parent z:Ref="i1"/><STLQualityFine>false</STLQualityFine><SWComponentPIDs xmlns:a="http://schemas.microsoft.com/2003/10/Serialization/Arrays"><a:base64Binary>yDIAAAUAAAD//v8bSABlAGwAaQBvAHMAXwBMAGUAZABlAF8AMgAwADIAMgAwADMAMQA0ACgAMQApAC0AMQBAADIABAAAABAAAAABAAAAAQAAAD0CAAA=</a:base64Binary><a:base64Binary>yDIAAAUAAAD//v8HPmY6eU9cLQAxAEAAMgAEAAAAEAAAAAEAAAABAAAAMQAAAA==</a:base64Binary><a:base64Binary>yDIAAAUAAAD//v8PVQBTAEIAIABIAFUAQgAgAC0ANwDjUy0AMgBAADIABAAAABAAAAABAAAAAQAAADUAAAA=</a:base64Binary><a:base64Binary>yDIAAAUAAAD//v8TTQAtAEQAMAAyADQALQAyADUAMAAwADAAOQAtAEEALQAxAEAAMgAEAAAAEAAAAAEAAAABAAAAQQEAAA==</a:base64Binary><a:base64Binary>yDIAAAUAAAD//v8TTQAtAEQAMAAyADQALQAyADUAMAAwADEAMQAtAEEALQAxAEAAMgAEAAAAEAAAAAEAAAABAAAALQAAAA==</a:base64Binary><a:base64Binary>yDIAAAUAAAD//v8TTQAtAEQAMAAyADQALQAyADUAMAAwADEAMAAtAEEALQAxAEAAMgAEAAAAEAAAAAEAAAABAAAAKQAAAA==</a:base64Binary><a:base64Binary>yDIAAAUAAAD//v8GJ1ndlC0ANQBAADIABAAAABAAAAABAAAAAQAAAAcCAAA=</a:base64Binary><a:base64Binary>yDIAAAUAAAD//v8bSABlAGwAaQBvAHMAXwA1dZBu0nZfAPR2NFm/fgj/B2jGUUhyCf9fAGEAcwBtAC0AMQBAADIABAAAABAAAAABAAAAAQAAAD4CAAA=</a:base64Binary><a:base64Binary>yDIAAAUAAAD//v8ITABFAEUAUAAtADIAQAAyAAQAAAAQAAAAAQAAAAEAAACpAgAA</a:base64Binary><a:base64Binary>yDIAAAUAAAD//v8PQwBIADEAMQAwAF8AUwBIAEUATABMAC0AMQBAADIABAAAABAAAAABAAAAAQAAADkCAAA=</a:base64Binary><a:base64Binary>yDIAAAUAAAD//v8kSQBuAHQAZQBsAFIAZQBhAGwAcwBlAG4AcwBlAF8ARAA0ADMANQAoAGkAKQBfAE0AdQBsAHQAaQBiAG8AZAB5AC0AMQBAADIABAAAABAAAAABAAAAAQAAAMoBAAA=</a:base64Binary><a:base64Binary>yDIAAAUAAAD//v8TTQAtAEQAMAAyADQALQAxADgAMAAwADAAMgAtAEEALQAyAEAAMgAEAAAAEAAAAAEAAAABAAAAlwAAAA==</a:base64Binary><a:base64Binary>yDIAAAUAAAD//v8GJ1ndlC0ANgBAADIABAAAABAAAAABAAAAAQAAAAwCAAA=</a:base64Binary><a:base64Binary>yDIAAAUAAAD//v8TTQAtAEQAMAAyADQALQAyADUAMAAwADEAMgAtAEEALQAxAEAAMgAEAAAAEAAAAAEAAAABAAAAeQIAAA==</a:base64Binary><a:base64Binary>yDIAAAUAAAD//v8TTQAtAEQAMAAyADQALQAxADgAMAAwADAAMwAtAEEALQAxAEAAMgAEAAAAEAAAAAEAAAABAAAAHwAAAA==</a:base64Binary><a:base64Binary>yDIAAAUAAAD//v8TTQAtAEQAMAAyADQALQAyADUAMAAwADAANgAtAEIALQAxAEAAMgAEAAAAEAAAAAEAAAABAAAAnQIAAA==</a:base64Binary><a:base64Binary>yDIAAAUAAAD//v8MRwBMAC0AQQBSADcANQAwAC0AMgBAADIABAAAABAAAAABAAAAAQAAAIkCAAA=</a:base64Binary><a:base64Binary>yDIAAAUAAAD//v8TTQAtAEQAMAA1ADMALQAyADUAMAAxADAAMAAtAEEALQAxAEAAMgAEAAAAEAAAAAEAAAABAAAAigIAAA==</a:base64Binary></SWComponentPIDs><SWMainComponentPID i:nil="true"/><Visual z:Ref="i83"/><isFixedFrame>false</isFixedFrame><isIncomplete>false</isIncomplete></Link></Children><Collision z:Ref="i29"/><Inertial z:Ref="i3"/><Joint z:Ref="i36"/><NameAttribute z:Ref="i2"/><Parent i:nil="true"/><STLQualityFine>false</STLQualityFine><SWComponentPIDs xmlns:a="http://schemas.microsoft.com/2003/10/Serialization/Arrays"><a:base64Binary>yDIAAAUAAAD//v8RUwBDAE8AVQBUAG0AaQBuAGkAWWWygFdZxYgtADEAQAAyAAQAAAAQAAAAAQAAAAEAAAAeAQAA</a:base64Binary></SWComponentPIDs><SWMainComponentPID i:nil="true"/><Visual z:Ref="i16"/><isFixedFrame>false</isFixedFrame><isIncomplete>false</isIncomplete></Link>
2022-09-06 14:08:50,263 INFO  AssemblyExportForm.cs: 309 - Saving URDF package to C:\Users\q\Desktop\重庆大学\pro
2022-09-06 14:08:50,264 INFO  ExportHelper.cs: 147 - Beginning the export process
2022-09-06 14:08:50,266 INFO  ExportHelper.cs: 153 - Creating package directories with name pro and save path C:\Users\q\Desktop\重庆大学
2022-09-06 14:08:51,270 INFO  ExportHelper.cs: 162 - Creating CMakeLists.txt at C:\Users\q\Desktop\重庆大学\pro\CMakeLists.txt
2022-09-06 14:08:51,271 INFO  ExportHelper.cs: 166 - Creating joint names config at C:\Users\q\Desktop\重庆大学\pro\config\joint_names_pro.yaml
2022-09-06 14:08:51,272 INFO  ExportHelper.cs: 170 - Creating package.xml at C:\Users\q\Desktop\重庆大学\pro\package.xml
2022-09-06 14:08:51,273 INFO  PackageXMLWriter.cs: 21 - Creating package.xml at C:\Users\q\Desktop\重庆大学\pro\package.xml
2022-09-06 14:08:51,284 INFO  ExportHelper.cs: 177 - Creating RVIZ launch file in C:\Users\q\Desktop\重庆大学\pro\launch\
2022-09-06 14:08:51,286 INFO  ExportHelper.cs: 182 - Creating Gazebo launch file in C:\Users\q\Desktop\重庆大学\pro\launch\
2022-09-06 14:08:51,286 INFO  ExportHelper.cs: 187 - Saving existing STL preferences
2022-09-06 14:08:51,287 INFO  ExportHelper.cs: 450 - Saving users preferences
2022-09-06 14:08:51,288 INFO  ExportHelper.cs: 190 - Modifying STL preferences
2022-09-06 14:08:51,288 INFO  ExportHelper.cs: 464 - Setting STL preferences
2022-09-06 14:08:51,292 INFO  ExportHelper.cs: 196 - Found 16 hidden components EAI-G4单线雷达-1, nano亚克力盖(1)-1, RS-LIDAR-16-2, RS-LIDAR-16-1, Helios_电源盒_直头线（标准版）_asm-2, M-LIMO-070023-E，nano外壳改 2022-05-07-1, GL-AR750-1, M-D024-250007-A-1, M-D053-251003-A-1, Leetop-AGX Xavier-1, EAI-G4单线雷达USb转接板-1, USB HUB -7口-1, 86-0101 REV B ENVELOPE, VLP-16-1, M-D024-180002-A-1, Intel D435i-1, 六方柱-1
2022-09-06 14:08:51,292 INFO  ExportHelper.cs: 197 - Hiding all components
2022-09-06 14:08:51,637 INFO  ExportHelper.cs: 204 - Beginning individual files export
2022-09-06 14:08:51,650 INFO  ExportHelper.cs: 270 - Exporting link: base_link
2022-09-06 14:08:51,650 INFO  ExportHelper.cs: 272 - Link base_link has 1 children
2022-09-06 14:08:51,651 INFO  ExportHelper.cs: 270 - Exporting link: box_link
2022-09-06 14:08:51,651 INFO  ExportHelper.cs: 272 - Link box_link has 0 children
2022-09-06 14:08:51,651 INFO  ExportHelper.cs: 317 - box_link: Exporting STL with coordinate frame 坐标系1
2022-09-06 14:08:51,652 INFO  ExportHelper.cs: 322 - box_link: Reference geometry name 
2022-09-06 14:08:52,912 INFO  ExportHelper.cs: 330 - Saving STL to C:\Users\q\Desktop\重庆大学\pro\meshes\box_link.STL
2022-09-06 14:09:00,841 INFO  ExportHelper.cs: 405 - Removing SW header in STL file
2022-09-06 14:09:00,842 INFO  ExportHelper.cs: 317 - base_link: Exporting STL with coordinate frame 坐标系1
2022-09-06 14:09:00,842 INFO  ExportHelper.cs: 322 - base_link: Reference geometry name 
2022-09-06 14:09:00,930 INFO  ExportHelper.cs: 330 - Saving STL to C:\Users\q\Desktop\重庆大学\pro\meshes\base_link.STL
2022-09-06 14:09:04,422 INFO  ExportHelper.cs: 405 - Removing SW header in STL file
2022-09-06 14:09:04,423 INFO  ExportHelper.cs: 145 - Showing all components except previously hidden components
2022-09-06 14:09:04,796 INFO  ExportHelper.cs: 145 - Resetting STL preferences
2022-09-06 14:09:04,797 INFO  ExportHelper.cs: 478 - Returning STL preferences to user preferences
2022-09-06 14:09:04,797 INFO  ExportHelper.cs: 228 - Writing URDF file to C:\Users\q\Desktop\重庆大学\pro\urdf\pro.urdf
2022-09-06 14:09:04,848 INFO  CSVImportExport.cs: 32 - Writing CSV file C:\Users\q\Desktop\重庆大学\pro\urdf\pro.csv
2022-09-06 14:09:04,893 ERROR CSVImportExport.cs: 130 - The following columns were not written to the CSV: Link.Joint.ChildLink.link,
2022-09-06 14:09:04,894 ERROR CSVImportExport.cs: 130 - The following columns were not written to the CSV: Link.Joint.ChildLink.link,
2022-09-06 14:09:04,894 INFO  ExportHelper.cs: 234 - Copying log file
2022-09-06 14:09:04,896 INFO  ExportHelper.cs: 439 - Copying C:\Users\q\sw2urdf_logs\sw2urdf.log to C:\Users\q\Desktop\重庆大学\pro\export.log
